2025-05-03 10:24:58.579 [restartedMain] INFO  c.s.m.TaskTaskSubmissionServiceApplication - Starting TaskTaskSubmissionServiceApplication using Java 21.0.6 with PID 22124 (C:\Task Management App New\Task-TaskSubmission-Service\target\classes started by mirza in C:\Task Management App New\Task-TaskSubmission-Service)
2025-05-03 10:24:58.585 [restartedMain] INFO  c.s.m.TaskTaskSubmissionServiceApplication - The following 1 profile is active: "dev"
2025-05-03 10:24:58.651 [restartedMain] INFO  o.s.b.d.e.DevToolsPropertyDefaultsPostProcessor - Devtools property defaults active! Set 'spring.devtools.add-properties' to 'false' to disable
2025-05-03 10:24:58.659 [restartedMain] INFO  o.s.b.d.e.DevToolsPropertyDefaultsPostProcessor - For additional web related logging consider setting the 'logging.level.web' property to 'DEBUG'
2025-05-03 10:24:59.547 [restartedMain] INFO  o.s.d.r.c.RepositoryConfigurationDelegate - Bootstrapping Spring Data JPA repositories in DEFAULT mode.
2025-05-03 10:24:59.704 [restartedMain] INFO  o.s.d.r.c.RepositoryConfigurationDelegate - Finished Spring Data repository scanning in 147 ms. Found 1 JPA repository interface.
2025-05-03 10:24:59.953 [restartedMain] INFO  o.s.cloud.context.scope.GenericScope - BeanFactory id=a9b0cec7-ffa0-3159-a1af-363c2b1836f0
2025-05-03 10:25:00.838 [restartedMain] INFO  o.s.b.w.e.tomcat.TomcatWebServer - Tomcat initialized with port 5003 (http)
2025-05-03 10:25:00.852 [restartedMain] INFO  o.a.coyote.http11.Http11NioProtocol - Initializing ProtocolHandler ["http-nio-5003"]
2025-05-03 10:25:00.854 [restartedMain] INFO  o.a.catalina.core.StandardService - Starting service [Tomcat]
2025-05-03 10:25:00.855 [restartedMain] INFO  o.a.catalina.core.StandardEngine - Starting Servlet engine: [Apache Tomcat/10.1.39]
2025-05-03 10:25:00.919 [restartedMain] INFO  o.a.c.c.C.[Tomcat].[localhost].[/] - Initializing Spring embedded WebApplicationContext
2025-05-03 10:25:00.919 [restartedMain] INFO  o.s.b.w.s.c.ServletWebServerApplicationContext - Root WebApplicationContext: initialization completed in 2259 ms
2025-05-03 10:25:01.169 [restartedMain] INFO  o.h.jpa.internal.util.LogHelper - HHH000204: Processing PersistenceUnitInfo [name: default]
2025-05-03 10:25:01.225 [restartedMain] INFO  org.hibernate.Version - HHH000412: Hibernate ORM core version 6.5.3.Final
2025-05-03 10:25:01.257 [restartedMain] INFO  o.h.c.i.RegionFactoryInitiator - HHH000026: Second-level cache disabled
2025-05-03 10:25:01.571 [restartedMain] INFO  o.s.o.j.p.SpringPersistenceUnitInfo - No LoadTimeWeaver setup: ignoring JPA class transformer
2025-05-03 10:25:01.605 [restartedMain] INFO  com.zaxxer.hikari.HikariDataSource - HikariPool-1 - Starting...
2025-05-03 10:25:01.947 [restartedMain] INFO  com.zaxxer.hikari.pool.HikariPool - HikariPool-1 - Added connection com.mysql.cj.jdbc.ConnectionImpl@61caa006
2025-05-03 10:25:01.949 [restartedMain] INFO  com.zaxxer.hikari.HikariDataSource - HikariPool-1 - Start completed.
2025-05-03 10:25:02.843 [restartedMain] INFO  o.h.e.t.j.p.i.JtaPlatformInitiator - HHH000489: No JTA platform available (set 'hibernate.transaction.jta.platform' to enable JTA platform integration)
2025-05-03 10:25:02.896 [restartedMain] INFO  o.s.o.j.LocalContainerEntityManagerFactoryBean - Initialized JPA EntityManagerFactory for persistence unit 'default'
2025-05-03 10:25:03.677 [restartedMain] WARN  o.s.b.a.o.j.JpaBaseConfiguration$JpaWebConfiguration - spring.jpa.open-in-view is enabled by default. Therefore, database queries may be performed during view rendering. Explicitly configure spring.jpa.open-in-view to disable this warning
2025-05-03 10:25:03.819 [restartedMain] WARN  o.s.b.d.a.OptionalLiveReloadServer - Unable to start LiveReload server
2025-05-03 10:25:04.999 [restartedMain] INFO  o.s.c.n.e.c.DiscoveryClientOptionalArgsConfiguration - Eureka HTTP Client uses RestTemplate.
2025-05-03 10:25:05.048 [restartedMain] WARN  o.s.c.l.c.LoadBalancerCacheAutoConfiguration$LoadBalancerCaffeineWarnLogger - Spring Cloud LoadBalancer is currently working with the default cache. While this cache implementation is useful for development and tests, it's recommended to use Caffeine cache in production.You can switch to using Caffeine cache, by adding it and org.springframework.cache.caffeine.CaffeineCacheManager to the classpath.
2025-05-03 10:25:05.114 [restartedMain] INFO  o.s.c.n.eureka.InstanceInfoFactory - Setting initial instance status as: STARTING
2025-05-03 10:25:05.141 [restartedMain] INFO  c.netflix.discovery.DiscoveryClient - Initializing Eureka in region us-east-1
2025-05-03 10:25:05.146 [restartedMain] INFO  c.n.d.s.r.aws.ConfigClusterResolver - Resolving eureka endpoints via configuration
2025-05-03 10:25:05.156 [restartedMain] INFO  c.netflix.discovery.DiscoveryClient - Disable delta property : false
2025-05-03 10:25:05.156 [restartedMain] INFO  c.netflix.discovery.DiscoveryClient - Single vip registry refresh property : null
2025-05-03 10:25:05.156 [restartedMain] INFO  c.netflix.discovery.DiscoveryClient - Force full registry fetch : false
2025-05-03 10:25:05.156 [restartedMain] INFO  c.netflix.discovery.DiscoveryClient - Application is null : false
2025-05-03 10:25:05.156 [restartedMain] INFO  c.netflix.discovery.DiscoveryClient - Registered Applications size is zero : true
2025-05-03 10:25:05.156 [restartedMain] INFO  c.netflix.discovery.DiscoveryClient - Application version is -1: true
2025-05-03 10:25:05.156 [restartedMain] INFO  c.netflix.discovery.DiscoveryClient - Getting all instance registry info from the eureka server
2025-05-03 10:25:05.516 [restartedMain] INFO  c.netflix.discovery.DiscoveryClient - The response status is 200
2025-05-03 10:25:05.520 [restartedMain] INFO  c.netflix.discovery.DiscoveryClient - Starting heartbeat executor: renew interval is: 30
2025-05-03 10:25:05.522 [restartedMain] INFO  c.n.discovery.InstanceInfoReplicator - InstanceInfoReplicator onDemand update allowed rate per min is 4
2025-05-03 10:25:05.524 [restartedMain] INFO  c.netflix.discovery.DiscoveryClient - Discovery Client initialized at timestamp 1746248105523 with initial instances count: 2
2025-05-03 10:25:05.543 [restartedMain] INFO  o.s.c.n.e.s.EurekaServiceRegistry - Registering application SUBMISSION-SERVICE with eureka with status UP
2025-05-03 10:25:05.549 [restartedMain] INFO  c.netflix.discovery.DiscoveryClient - Saw local status change event StatusChangeEvent [timestamp=1746248105549, current=UP, previous=STARTING]
2025-05-03 10:25:05.552 [restartedMain] INFO  o.a.coyote.http11.Http11NioProtocol - Starting ProtocolHandler ["http-nio-5003"]
2025-05-03 10:25:05.552 [DiscoveryClient-InstanceInfoReplicator-%d] INFO  c.netflix.discovery.DiscoveryClient - DiscoveryClient_SUBMISSION-SERVICE/Mirza_Imad_B:SUBMISSION-SERVICE:5003: registering service...
2025-05-03 10:25:05.575 [restartedMain] INFO  o.s.b.w.e.tomcat.TomcatWebServer - Tomcat started on port 5003 (http) with context path '/'
2025-05-03 10:25:05.576 [restartedMain] INFO  o.s.c.n.e.s.EurekaAutoServiceRegistration - Updating port to 5003
2025-05-03 10:25:05.592 [restartedMain] INFO  c.s.m.TaskTaskSubmissionServiceApplication - Started TaskTaskSubmissionServiceApplication in 7.773 seconds (process running for 8.915)
2025-05-03 10:25:05.606 [DiscoveryClient-InstanceInfoReplicator-%d] INFO  c.netflix.discovery.DiscoveryClient - DiscoveryClient_SUBMISSION-SERVICE/Mirza_Imad_B:SUBMISSION-SERVICE:5003 - registration status: 204
2025-05-03 10:30:05.162 [AsyncResolver-bootstrap-executor-%d] INFO  c.n.d.s.r.aws.ConfigClusterResolver - Resolving eureka endpoints via configuration
2025-05-03 10:35:05.171 [AsyncResolver-bootstrap-executor-%d] INFO  c.n.d.s.r.aws.ConfigClusterResolver - Resolving eureka endpoints via configuration
2025-05-03 10:40:05.173 [AsyncResolver-bootstrap-executor-%d] INFO  c.n.d.s.r.aws.ConfigClusterResolver - Resolving eureka endpoints via configuration
2025-05-03 10:45:05.176 [AsyncResolver-bootstrap-executor-%d] INFO  c.n.d.s.r.aws.ConfigClusterResolver - Resolving eureka endpoints via configuration
