2025-05-01 16:17:22.620 [main] INFO  c.s.m.controller.HomeControllerTest - Starting HomeControllerTest using Java 21.0.6 with PID 3688 (started by mirza in C:\Task Management App New\Task-TaskSubmission-Service)
2025-05-01 16:17:22.622 [main] DEBUG c.s.m.controller.HomeControllerTest - Running with Spring Boot v3.3.10, Spring v6.1.18
2025-05-01 16:17:22.623 [main] INFO  c.s.m.controller.HomeControllerTest - The following 1 profile is active: "dev"
2025-05-01 16:17:24.483 [main] INFO  c.s.m.controller.HomeControllerTest - Started HomeControllerTest in 2.875 seconds (process running for 4.39)
2025-05-01 16:17:49.291 [main] INFO  c.s.m.c.SubmissionControllerTest - Starting SubmissionControllerTest using Java 21.0.6 with PID 27380 (started by mirza in C:\Task Management App New\Task-TaskSubmission-Service)
2025-05-01 16:17:49.293 [main] DEBUG c.s.m.c.SubmissionControllerTest - Running with Spring Boot v3.3.10, Spring v6.1.18
2025-05-01 16:17:49.294 [main] INFO  c.s.m.c.SubmissionControllerTest - The following 1 profile is active: "dev"
2025-05-01 16:17:53.359 [main] INFO  c.s.m.c.SubmissionControllerTest - Started SubmissionControllerTest in 5.012 seconds (process running for 6.567)
2025-05-03 15:03:32.597 [http-nio-5003-exec-1] INFO  c.s.m.c.SubmissionController - [CONTROLLER] Method: getTaskSubmissionsByTaskId | Args: [5]
2025-05-03 15:03:32.773 [http-nio-5003-exec-1] DEBUG c.s.m.c.SubmissionController - [PERFORMANCE] getTaskSubmissionsByTaskId executed in 178 ms
2025-05-03 15:03:45.046 [http-nio-5003-exec-6] INFO  c.s.m.c.SubmissionController - [CONTROLLER] Method: getTaskSubmissionsByTaskId | Args: [5]
2025-05-03 15:03:45.056 [http-nio-5003-exec-6] DEBUG c.s.m.c.SubmissionController - [PERFORMANCE] getTaskSubmissionsByTaskId executed in 10 ms
2025-05-03 15:03:50.195 [http-nio-5003-exec-5] INFO  c.s.m.c.SubmissionController - [CONTROLLER] Method: submitTask | Args: [5, https://www.google.com/search?client=opera, Bearer eyJhbGciOiJIUzM4NCJ9.eyJpYXQiOjE3NDYyNjQ4MjIsImV4cCI6MTc0NjM1MTIyMiwiZW1haWwiOiJ0ZXN0dXNlcjFAZXhhbXBsZS5jb20iLCJhdXRob3JpdGllcyI6IlJPTEVfQ1VTVE9NRVIifQ.JRB7ePCxRcY1RKQ8UgzwhdVS_7s5rnXRuVs0OXrSAz16ZZYp4PYD9LSBQr6jEgQv]
2025-05-03 15:03:50.394 [http-nio-5003-exec-5] DEBUG c.s.m.c.SubmissionController - [PERFORMANCE] submitTask executed in 198 ms
2025-05-03 15:04:01.274 [http-nio-5003-exec-9] INFO  c.s.m.c.SubmissionController - [CONTROLLER] Method: getTaskSubmissionsByTaskId | Args: [5]
2025-05-03 15:04:01.292 [http-nio-5003-exec-9] DEBUG c.s.m.c.SubmissionController - [PERFORMANCE] getTaskSubmissionsByTaskId executed in 18 ms
2025-05-03 15:04:02.869 [http-nio-5003-exec-2] INFO  c.s.m.c.SubmissionController - [CONTROLLER] Method: getTaskSubmissionsByTaskId | Args: [5]
2025-05-03 15:04:02.878 [http-nio-5003-exec-2] DEBUG c.s.m.c.SubmissionController - [PERFORMANCE] getTaskSubmissionsByTaskId executed in 9 ms
2025-05-03 15:04:04.399 [http-nio-5003-exec-4] INFO  c.s.m.c.SubmissionController - [CONTROLLER] Method: acceptOrDeclineTaskSubmission | Args: [3, ACCEPTED]
2025-05-03 15:04:04.453 [http-nio-5003-exec-4] ERROR c.s.m.c.SubmissionController - [ERROR] Method acceptOrDeclineTaskSubmission failed: [400] during [PUT] to [http://localhost:5002/api/tasks/5/complete] [TaskService#completeTask(Long)]: [{"timestamp":"2025-05-03T09:34:04.439+00:00","status":400,"error":"Bad Request","trace":"org.springframework.web.bind.MissingRequestHeaderException: Required request header 'Authorization' for method ... (5522 bytes)]
2025-05-03 15:04:07.581 [http-nio-5003-exec-3] INFO  c.s.m.c.SubmissionController - [CONTROLLER] Method: acceptOrDeclineTaskSubmission | Args: [3, ACCEPTED]
2025-05-03 15:04:07.593 [http-nio-5003-exec-3] ERROR c.s.m.c.SubmissionController - [ERROR] Method acceptOrDeclineTaskSubmission failed: [400] during [PUT] to [http://localhost:5002/api/tasks/5/complete] [TaskService#completeTask(Long)]: [{"timestamp":"2025-05-03T09:34:07.591+00:00","status":400,"error":"Bad Request","trace":"org.springframework.web.bind.MissingRequestHeaderException: Required request header 'Authorization' for method ... (5522 bytes)]
2025-05-03 15:04:08.777 [http-nio-5003-exec-6] INFO  c.s.m.c.SubmissionController - [CONTROLLER] Method: acceptOrDeclineTaskSubmission | Args: [3, ACCEPTED]
2025-05-03 15:04:08.790 [http-nio-5003-exec-6] ERROR c.s.m.c.SubmissionController - [ERROR] Method acceptOrDeclineTaskSubmission failed: [400] during [PUT] to [http://localhost:5002/api/tasks/5/complete] [TaskService#completeTask(Long)]: [{"timestamp":"2025-05-03T09:34:08.787+00:00","status":400,"error":"Bad Request","trace":"org.springframework.web.bind.MissingRequestHeaderException: Required request header 'Authorization' for method ... (5522 bytes)]
2025-05-03 15:04:09.251 [http-nio-5003-exec-10] INFO  c.s.m.c.SubmissionController - [CONTROLLER] Method: acceptOrDeclineTaskSubmission | Args: [3, ACCEPTED]
2025-05-03 15:04:09.263 [http-nio-5003-exec-10] ERROR c.s.m.c.SubmissionController - [ERROR] Method acceptOrDeclineTaskSubmission failed: [400] during [PUT] to [http://localhost:5002/api/tasks/5/complete] [TaskService#completeTask(Long)]: [{"timestamp":"2025-05-03T09:34:09.261+00:00","status":400,"error":"Bad Request","trace":"org.springframework.web.bind.MissingRequestHeaderException: Required request header 'Authorization' for method ... (5522 bytes)]
2025-05-03 15:04:09.409 [http-nio-5003-exec-5] INFO  c.s.m.c.SubmissionController - [CONTROLLER] Method: acceptOrDeclineTaskSubmission | Args: [3, ACCEPTED]
2025-05-03 15:04:09.420 [http-nio-5003-exec-5] ERROR c.s.m.c.SubmissionController - [ERROR] Method acceptOrDeclineTaskSubmission failed: [400] during [PUT] to [http://localhost:5002/api/tasks/5/complete] [TaskService#completeTask(Long)]: [{"timestamp":"2025-05-03T09:34:09.417+00:00","status":400,"error":"Bad Request","trace":"org.springframework.web.bind.MissingRequestHeaderException: Required request header 'Authorization' for method ... (5522 bytes)]
2025-05-03 15:04:09.589 [http-nio-5003-exec-7] INFO  c.s.m.c.SubmissionController - [CONTROLLER] Method: acceptOrDeclineTaskSubmission | Args: [3, ACCEPTED]
2025-05-03 15:04:09.602 [http-nio-5003-exec-7] ERROR c.s.m.c.SubmissionController - [ERROR] Method acceptOrDeclineTaskSubmission failed: [400] during [PUT] to [http://localhost:5002/api/tasks/5/complete] [TaskService#completeTask(Long)]: [{"timestamp":"2025-05-03T09:34:09.599+00:00","status":400,"error":"Bad Request","trace":"org.springframework.web.bind.MissingRequestHeaderException: Required request header 'Authorization' for method ... (5522 bytes)]
2025-05-03 15:04:10.902 [http-nio-5003-exec-8] INFO  c.s.m.c.SubmissionController - [CONTROLLER] Method: acceptOrDeclineTaskSubmission | Args: [3, ACCEPTED]
2025-05-03 15:04:10.915 [http-nio-5003-exec-8] ERROR c.s.m.c.SubmissionController - [ERROR] Method acceptOrDeclineTaskSubmission failed: [400] during [PUT] to [http://localhost:5002/api/tasks/5/complete] [TaskService#completeTask(Long)]: [{"timestamp":"2025-05-03T09:34:10.913+00:00","status":400,"error":"Bad Request","trace":"org.springframework.web.bind.MissingRequestHeaderException: Required request header 'Authorization' for method ... (5522 bytes)]
2025-05-03 15:04:11.077 [http-nio-5003-exec-9] INFO  c.s.m.c.SubmissionController - [CONTROLLER] Method: acceptOrDeclineTaskSubmission | Args: [3, ACCEPTED]
2025-05-03 15:04:11.087 [http-nio-5003-exec-9] ERROR c.s.m.c.SubmissionController - [ERROR] Method acceptOrDeclineTaskSubmission failed: [400] during [PUT] to [http://localhost:5002/api/tasks/5/complete] [TaskService#completeTask(Long)]: [{"timestamp":"2025-05-03T09:34:11.085+00:00","status":400,"error":"Bad Request","trace":"org.springframework.web.bind.MissingRequestHeaderException: Required request header 'Authorization' for method ... (5522 bytes)]
2025-05-03 15:04:11.269 [http-nio-5003-exec-1] INFO  c.s.m.c.SubmissionController - [CONTROLLER] Method: acceptOrDeclineTaskSubmission | Args: [3, ACCEPTED]
2025-05-03 15:04:11.279 [http-nio-5003-exec-1] ERROR c.s.m.c.SubmissionController - [ERROR] Method acceptOrDeclineTaskSubmission failed: [400] during [PUT] to [http://localhost:5002/api/tasks/5/complete] [TaskService#completeTask(Long)]: [{"timestamp":"2025-05-03T09:34:11.277+00:00","status":400,"error":"Bad Request","trace":"org.springframework.web.bind.MissingRequestHeaderException: Required request header 'Authorization' for method ... (5522 bytes)]
2025-05-03 15:04:11.433 [http-nio-5003-exec-2] INFO  c.s.m.c.SubmissionController - [CONTROLLER] Method: acceptOrDeclineTaskSubmission | Args: [3, ACCEPTED]
2025-05-03 15:04:11.447 [http-nio-5003-exec-2] ERROR c.s.m.c.SubmissionController - [ERROR] Method acceptOrDeclineTaskSubmission failed: [400] during [PUT] to [http://localhost:5002/api/tasks/5/complete] [TaskService#completeTask(Long)]: [{"timestamp":"2025-05-03T09:34:11.444+00:00","status":400,"error":"Bad Request","trace":"org.springframework.web.bind.MissingRequestHeaderException: Required request header 'Authorization' for method ... (5522 bytes)]
2025-05-03 15:04:11.659 [http-nio-5003-exec-4] INFO  c.s.m.c.SubmissionController - [CONTROLLER] Method: acceptOrDeclineTaskSubmission | Args: [3, ACCEPTED]
2025-05-03 15:04:11.671 [http-nio-5003-exec-4] ERROR c.s.m.c.SubmissionController - [ERROR] Method acceptOrDeclineTaskSubmission failed: [400] during [PUT] to [http://localhost:5002/api/tasks/5/complete] [TaskService#completeTask(Long)]: [{"timestamp":"2025-05-03T09:34:11.669+00:00","status":400,"error":"Bad Request","trace":"org.springframework.web.bind.MissingRequestHeaderException: Required request header 'Authorization' for method ... (5522 bytes)]
2025-05-03 15:04:11.845 [http-nio-5003-exec-3] INFO  c.s.m.c.SubmissionController - [CONTROLLER] Method: acceptOrDeclineTaskSubmission | Args: [3, ACCEPTED]
2025-05-03 15:04:11.857 [http-nio-5003-exec-3] ERROR c.s.m.c.SubmissionController - [ERROR] Method acceptOrDeclineTaskSubmission failed: [400] during [PUT] to [http://localhost:5002/api/tasks/5/complete] [TaskService#completeTask(Long)]: [{"timestamp":"2025-05-03T09:34:11.855+00:00","status":400,"error":"Bad Request","trace":"org.springframework.web.bind.MissingRequestHeaderException: Required request header 'Authorization' for method ... (5522 bytes)]
2025-05-03 15:05:54.056 [http-nio-5003-exec-6] INFO  c.s.m.c.SubmissionController - [CONTROLLER] Method: getTaskSubmissionsByTaskId | Args: [5]
2025-05-03 15:05:54.064 [http-nio-5003-exec-6] DEBUG c.s.m.c.SubmissionController - [PERFORMANCE] getTaskSubmissionsByTaskId executed in 8 ms
2025-05-03 15:05:54.074 [http-nio-5003-exec-10] INFO  c.s.m.c.SubmissionController - [CONTROLLER] Method: getTaskSubmissionsByTaskId | Args: [5]
2025-05-03 15:05:54.083 [http-nio-5003-exec-10] DEBUG c.s.m.c.SubmissionController - [PERFORMANCE] getTaskSubmissionsByTaskId executed in 9 ms
2025-05-03 15:05:59.880 [http-nio-5003-exec-5] INFO  c.s.m.c.SubmissionController - [CONTROLLER] Method: getTaskSubmissionsByTaskId | Args: [5]
2025-05-03 15:05:59.890 [http-nio-5003-exec-5] DEBUG c.s.m.c.SubmissionController - [PERFORMANCE] getTaskSubmissionsByTaskId executed in 10 ms
2025-05-03 15:05:59.902 [http-nio-5003-exec-7] INFO  c.s.m.c.SubmissionController - [CONTROLLER] Method: getTaskSubmissionsByTaskId | Args: [5]
2025-05-03 15:05:59.914 [http-nio-5003-exec-7] DEBUG c.s.m.c.SubmissionController - [PERFORMANCE] getTaskSubmissionsByTaskId executed in 12 ms
2025-05-03 15:06:02.949 [http-nio-5003-exec-8] INFO  c.s.m.c.SubmissionController - [CONTROLLER] Method: acceptOrDeclineTaskSubmission | Args: [3, ACCEPTED]
2025-05-03 15:06:02.962 [http-nio-5003-exec-8] ERROR c.s.m.c.SubmissionController - [ERROR] Method acceptOrDeclineTaskSubmission failed: [400] during [PUT] to [http://localhost:5002/api/tasks/5/complete] [TaskService#completeTask(Long)]: [{"timestamp":"2025-05-03T09:36:02.960+00:00","status":400,"error":"Bad Request","trace":"org.springframework.web.bind.MissingRequestHeaderException: Required request header 'Authorization' for method ... (5522 bytes)]
2025-05-03 15:06:04.465 [http-nio-5003-exec-9] INFO  c.s.m.c.SubmissionController - [CONTROLLER] Method: acceptOrDeclineTaskSubmission | Args: [3, ACCEPTED]
2025-05-03 15:06:04.477 [http-nio-5003-exec-9] ERROR c.s.m.c.SubmissionController - [ERROR] Method acceptOrDeclineTaskSubmission failed: [400] during [PUT] to [http://localhost:5002/api/tasks/5/complete] [TaskService#completeTask(Long)]: [{"timestamp":"2025-05-03T09:36:04.475+00:00","status":400,"error":"Bad Request","trace":"org.springframework.web.bind.MissingRequestHeaderException: Required request header 'Authorization' for method ... (5522 bytes)]
2025-05-03 15:06:04.894 [http-nio-5003-exec-1] INFO  c.s.m.c.SubmissionController - [CONTROLLER] Method: acceptOrDeclineTaskSubmission | Args: [3, ACCEPTED]
2025-05-03 15:06:04.904 [http-nio-5003-exec-1] ERROR c.s.m.c.SubmissionController - [ERROR] Method acceptOrDeclineTaskSubmission failed: [400] during [PUT] to [http://localhost:5002/api/tasks/5/complete] [TaskService#completeTask(Long)]: [{"timestamp":"2025-05-03T09:36:04.901+00:00","status":400,"error":"Bad Request","trace":"org.springframework.web.bind.MissingRequestHeaderException: Required request header 'Authorization' for method ... (5522 bytes)]
2025-05-03 15:06:05.072 [http-nio-5003-exec-2] INFO  c.s.m.c.SubmissionController - [CONTROLLER] Method: acceptOrDeclineTaskSubmission | Args: [3, ACCEPTED]
2025-05-03 15:06:05.084 [http-nio-5003-exec-2] ERROR c.s.m.c.SubmissionController - [ERROR] Method acceptOrDeclineTaskSubmission failed: [400] during [PUT] to [http://localhost:5002/api/tasks/5/complete] [TaskService#completeTask(Long)]: [{"timestamp":"2025-05-03T09:36:05.082+00:00","status":400,"error":"Bad Request","trace":"org.springframework.web.bind.MissingRequestHeaderException: Required request header 'Authorization' for method ... (5522 bytes)]
2025-05-03 15:06:05.245 [http-nio-5003-exec-4] INFO  c.s.m.c.SubmissionController - [CONTROLLER] Method: acceptOrDeclineTaskSubmission | Args: [3, ACCEPTED]
2025-05-03 15:06:05.259 [http-nio-5003-exec-4] ERROR c.s.m.c.SubmissionController - [ERROR] Method acceptOrDeclineTaskSubmission failed: [400] during [PUT] to [http://localhost:5002/api/tasks/5/complete] [TaskService#completeTask(Long)]: [{"timestamp":"2025-05-03T09:36:05.257+00:00","status":400,"error":"Bad Request","trace":"org.springframework.web.bind.MissingRequestHeaderException: Required request header 'Authorization' for method ... (5522 bytes)]
2025-05-03 15:06:05.424 [http-nio-5003-exec-3] INFO  c.s.m.c.SubmissionController - [CONTROLLER] Method: acceptOrDeclineTaskSubmission | Args: [3, ACCEPTED]
2025-05-03 15:06:05.434 [http-nio-5003-exec-3] ERROR c.s.m.c.SubmissionController - [ERROR] Method acceptOrDeclineTaskSubmission failed: [400] during [PUT] to [http://localhost:5002/api/tasks/5/complete] [TaskService#completeTask(Long)]: [{"timestamp":"2025-05-03T09:36:05.433+00:00","status":400,"error":"Bad Request","trace":"org.springframework.web.bind.MissingRequestHeaderException: Required request header 'Authorization' for method ... (5522 bytes)]
2025-05-03 15:06:05.602 [http-nio-5003-exec-6] INFO  c.s.m.c.SubmissionController - [CONTROLLER] Method: acceptOrDeclineTaskSubmission | Args: [3, ACCEPTED]
2025-05-03 15:06:05.615 [http-nio-5003-exec-6] ERROR c.s.m.c.SubmissionController - [ERROR] Method acceptOrDeclineTaskSubmission failed: [400] during [PUT] to [http://localhost:5002/api/tasks/5/complete] [TaskService#completeTask(Long)]: [{"timestamp":"2025-05-03T09:36:05.612+00:00","status":400,"error":"Bad Request","trace":"org.springframework.web.bind.MissingRequestHeaderException: Required request header 'Authorization' for method ... (5522 bytes)]
2025-05-03 15:06:05.932 [http-nio-5003-exec-10] INFO  c.s.m.c.SubmissionController - [CONTROLLER] Method: acceptOrDeclineTaskSubmission | Args: [3, ACCEPTED]
2025-05-03 15:06:05.942 [http-nio-5003-exec-10] ERROR c.s.m.c.SubmissionController - [ERROR] Method acceptOrDeclineTaskSubmission failed: [400] during [PUT] to [http://localhost:5002/api/tasks/5/complete] [TaskService#completeTask(Long)]: [{"timestamp":"2025-05-03T09:36:05.940+00:00","status":400,"error":"Bad Request","trace":"org.springframework.web.bind.MissingRequestHeaderException: Required request header 'Authorization' for method ... (5522 bytes)]
2025-05-03 15:06:06.115 [http-nio-5003-exec-5] INFO  c.s.m.c.SubmissionController - [CONTROLLER] Method: acceptOrDeclineTaskSubmission | Args: [3, ACCEPTED]
2025-05-03 15:06:06.131 [http-nio-5003-exec-5] ERROR c.s.m.c.SubmissionController - [ERROR] Method acceptOrDeclineTaskSubmission failed: [400] during [PUT] to [http://localhost:5002/api/tasks/5/complete] [TaskService#completeTask(Long)]: [{"timestamp":"2025-05-03T09:36:06.128+00:00","status":400,"error":"Bad Request","trace":"org.springframework.web.bind.MissingRequestHeaderException: Required request header 'Authorization' for method ... (5522 bytes)]
2025-05-03 15:06:06.309 [http-nio-5003-exec-7] INFO  c.s.m.c.SubmissionController - [CONTROLLER] Method: acceptOrDeclineTaskSubmission | Args: [3, ACCEPTED]
2025-05-03 15:06:06.323 [http-nio-5003-exec-7] ERROR c.s.m.c.SubmissionController - [ERROR] Method acceptOrDeclineTaskSubmission failed: [400] during [PUT] to [http://localhost:5002/api/tasks/5/complete] [TaskService#completeTask(Long)]: [{"timestamp":"2025-05-03T09:36:06.319+00:00","status":400,"error":"Bad Request","trace":"org.springframework.web.bind.MissingRequestHeaderException: Required request header 'Authorization' for method ... (5522 bytes)]
2025-05-03 15:06:06.573 [http-nio-5003-exec-8] INFO  c.s.m.c.SubmissionController - [CONTROLLER] Method: acceptOrDeclineTaskSubmission | Args: [3, ACCEPTED]
2025-05-03 15:06:06.585 [http-nio-5003-exec-8] ERROR c.s.m.c.SubmissionController - [ERROR] Method acceptOrDeclineTaskSubmission failed: [400] during [PUT] to [http://localhost:5002/api/tasks/5/complete] [TaskService#completeTask(Long)]: [{"timestamp":"2025-05-03T09:36:06.584+00:00","status":400,"error":"Bad Request","trace":"org.springframework.web.bind.MissingRequestHeaderException: Required request header 'Authorization' for method ... (5522 bytes)]
2025-05-03 15:06:11.127 [http-nio-5003-exec-9] INFO  c.s.m.c.SubmissionController - [CONTROLLER] Method: acceptOrDeclineTaskSubmission | Args: [3, ACCEPTED]
2025-05-03 15:06:11.138 [http-nio-5003-exec-9] ERROR c.s.m.c.SubmissionController - [ERROR] Method acceptOrDeclineTaskSubmission failed: [400] during [PUT] to [http://localhost:5002/api/tasks/5/complete] [TaskService#completeTask(Long)]: [{"timestamp":"2025-05-03T09:36:11.135+00:00","status":400,"error":"Bad Request","trace":"org.springframework.web.bind.MissingRequestHeaderException: Required request header 'Authorization' for method ... (5522 bytes)]
2025-05-03 15:06:11.338 [http-nio-5003-exec-1] INFO  c.s.m.c.SubmissionController - [CONTROLLER] Method: acceptOrDeclineTaskSubmission | Args: [3, ACCEPTED]
2025-05-03 15:06:11.350 [http-nio-5003-exec-1] ERROR c.s.m.c.SubmissionController - [ERROR] Method acceptOrDeclineTaskSubmission failed: [400] during [PUT] to [http://localhost:5002/api/tasks/5/complete] [TaskService#completeTask(Long)]: [{"timestamp":"2025-05-03T09:36:11.348+00:00","status":400,"error":"Bad Request","trace":"org.springframework.web.bind.MissingRequestHeaderException: Required request header 'Authorization' for method ... (5522 bytes)]
2025-05-03 15:06:11.515 [http-nio-5003-exec-2] INFO  c.s.m.c.SubmissionController - [CONTROLLER] Method: acceptOrDeclineTaskSubmission | Args: [3, ACCEPTED]
2025-05-03 15:06:11.526 [http-nio-5003-exec-2] ERROR c.s.m.c.SubmissionController - [ERROR] Method acceptOrDeclineTaskSubmission failed: [400] during [PUT] to [http://localhost:5002/api/tasks/5/complete] [TaskService#completeTask(Long)]: [{"timestamp":"2025-05-03T09:36:11.523+00:00","status":400,"error":"Bad Request","trace":"org.springframework.web.bind.MissingRequestHeaderException: Required request header 'Authorization' for method ... (5522 bytes)]
2025-05-03 15:06:11.843 [http-nio-5003-exec-4] INFO  c.s.m.c.SubmissionController - [CONTROLLER] Method: acceptOrDeclineTaskSubmission | Args: [3, ACCEPTED]
2025-05-03 15:06:11.851 [http-nio-5003-exec-4] ERROR c.s.m.c.SubmissionController - [ERROR] Method acceptOrDeclineTaskSubmission failed: [400] during [PUT] to [http://localhost:5002/api/tasks/5/complete] [TaskService#completeTask(Long)]: [{"timestamp":"2025-05-03T09:36:11.850+00:00","status":400,"error":"Bad Request","trace":"org.springframework.web.bind.MissingRequestHeaderException: Required request header 'Authorization' for method ... (5522 bytes)]
2025-05-03 15:06:12.003 [http-nio-5003-exec-3] INFO  c.s.m.c.SubmissionController - [CONTROLLER] Method: acceptOrDeclineTaskSubmission | Args: [3, ACCEPTED]
2025-05-03 15:06:12.016 [http-nio-5003-exec-3] ERROR c.s.m.c.SubmissionController - [ERROR] Method acceptOrDeclineTaskSubmission failed: [400] during [PUT] to [http://localhost:5002/api/tasks/5/complete] [TaskService#completeTask(Long)]: [{"timestamp":"2025-05-03T09:36:12.014+00:00","status":400,"error":"Bad Request","trace":"org.springframework.web.bind.MissingRequestHeaderException: Required request header 'Authorization' for method ... (5522 bytes)]
