2025-05-03 14:15:32.024 [http-nio-5001-exec-3] INFO  c.u.m.controller.AuthController - Method: signin - Args: [com.user.management.request.LoginRequest@1aaa590b]
2025-05-03 14:15:32.357 [http-nio-5001-exec-3] DEBUG c.u.m.controller.AuthController - Method signin executed in 334 ms
2025-05-03 14:15:32.401 [http-nio-5001-exec-4] INFO  c.u.m.controller.UserController - Method: getUserProfileHandler - Args: [Bearer eyJhbGciOiJIUzM4NCJ9.eyJpYXQiOjE3NDYyNjE5MzIsImV4cCI6MTc0NjM0ODMzMiwiZW1haWwiOiJ0ZXN0dXNlcjFAZXhhbXBsZS5jb20iLCJhdXRob3JpdGllcyI6IlJPTEVfQ1VTVE9NRVIifQ.0nq8-qbnc6DzOI3HsAnb5P1223sQWvOsiXvHPqZIuOUsAqpEWbaa8iQfEMa-_WLr]
2025-05-03 14:15:32.409 [http-nio-5001-exec-4] DEBUG c.u.m.controller.UserController - Method getUserProfileHandler executed in 8 ms
2025-05-03 14:15:32.804 [http-nio-5001-exec-5] INFO  c.u.m.controller.UserController - Method: getUserProfileHandler - Args: [Bearer eyJhbGciOiJIUzM4NCJ9.eyJpYXQiOjE3NDYyNjE5MzIsImV4cCI6MTc0NjM0ODMzMiwiZW1haWwiOiJ0ZXN0dXNlcjFAZXhhbXBsZS5jb20iLCJhdXRob3JpdGllcyI6IlJPTEVfQ1VTVE9NRVIifQ.0nq8-qbnc6DzOI3HsAnb5P1223sQWvOsiXvHPqZIuOUsAqpEWbaa8iQfEMa-_WLr]
2025-05-03 14:15:32.810 [http-nio-5001-exec-5] DEBUG c.u.m.controller.UserController - Method getUserProfileHandler executed in 6 ms
2025-05-03 14:15:33.067 [http-nio-5001-exec-6] INFO  c.u.m.controller.UserController - Method: getUserProfileHandler - Args: [Bearer eyJhbGciOiJIUzM4NCJ9.eyJpYXQiOjE3NDYyNjE5MzIsImV4cCI6MTc0NjM0ODMzMiwiZW1haWwiOiJ0ZXN0dXNlcjFAZXhhbXBsZS5jb20iLCJhdXRob3JpdGllcyI6IlJPTEVfQ1VTVE9NRVIifQ.0nq8-qbnc6DzOI3HsAnb5P1223sQWvOsiXvHPqZIuOUsAqpEWbaa8iQfEMa-_WLr]
2025-05-03 14:15:33.073 [http-nio-5001-exec-6] DEBUG c.u.m.controller.UserController - Method getUserProfileHandler executed in 6 ms
2025-05-03 14:15:46.709 [http-nio-5001-exec-9] INFO  c.u.m.controller.UserController - Method: getUserProfileHandler - Args: [Bearer eyJhbGciOiJIUzM4NCJ9.eyJpYXQiOjE3NDYyNjE5MzIsImV4cCI6MTc0NjM0ODMzMiwiZW1haWwiOiJ0ZXN0dXNlcjFAZXhhbXBsZS5jb20iLCJhdXRob3JpdGllcyI6IlJPTEVfQ1VTVE9NRVIifQ.0nq8-qbnc6DzOI3HsAnb5P1223sQWvOsiXvHPqZIuOUsAqpEWbaa8iQfEMa-_WLr]
2025-05-03 14:15:46.718 [http-nio-5001-exec-9] DEBUG c.u.m.controller.UserController - Method getUserProfileHandler executed in 9 ms
2025-05-03 14:15:48.460 [http-nio-5001-exec-10] INFO  c.u.m.controller.UserController - Method: getUserProfileHandler - Args: [Bearer eyJhbGciOiJIUzM4NCJ9.eyJpYXQiOjE3NDYyNjE5MzIsImV4cCI6MTc0NjM0ODMzMiwiZW1haWwiOiJ0ZXN0dXNlcjFAZXhhbXBsZS5jb20iLCJhdXRob3JpdGllcyI6IlJPTEVfQ1VTVE9NRVIifQ.0nq8-qbnc6DzOI3HsAnb5P1223sQWvOsiXvHPqZIuOUsAqpEWbaa8iQfEMa-_WLr]
2025-05-03 14:15:48.469 [http-nio-5001-exec-10] DEBUG c.u.m.controller.UserController - Method getUserProfileHandler executed in 9 ms
2025-05-03 14:15:49.546 [http-nio-5001-exec-1] INFO  c.u.m.controller.UserController - Method: getUserProfileHandler - Args: [Bearer eyJhbGciOiJIUzM4NCJ9.eyJpYXQiOjE3NDYyNjE5MzIsImV4cCI6MTc0NjM0ODMzMiwiZW1haWwiOiJ0ZXN0dXNlcjFAZXhhbXBsZS5jb20iLCJhdXRob3JpdGllcyI6IlJPTEVfQ1VTVE9NRVIifQ.0nq8-qbnc6DzOI3HsAnb5P1223sQWvOsiXvHPqZIuOUsAqpEWbaa8iQfEMa-_WLr]
2025-05-03 14:15:49.555 [http-nio-5001-exec-1] DEBUG c.u.m.controller.UserController - Method getUserProfileHandler executed in 9 ms
2025-05-03 14:16:13.653 [http-nio-5001-exec-4] INFO  c.u.m.controller.AuthController - Method: signin - Args: [com.user.management.request.LoginRequest@7f0b427d]
2025-05-03 14:16:13.723 [http-nio-5001-exec-4] DEBUG c.u.m.controller.AuthController - Method signin executed in 70 ms
2025-05-03 14:16:13.757 [http-nio-5001-exec-5] INFO  c.u.m.controller.UserController - Method: getUserProfileHandler - Args: [Bearer eyJhbGciOiJIUzM4NCJ9.eyJpYXQiOjE3NDYyNjE5NzMsImV4cCI6MTc0NjM0ODM3MywiZW1haWwiOiJ0ZXN0YWRtaW4yQGV4YW1wbGUuY29tIiwiYXV0aG9yaXRpZXMiOiJST0xFX0FETUlOIn0.Zxww-3ne5F_iJ_A5d3TqLPWtzaOAf0UsKIAFhIno2LNiLfbIzDyrI3xjIwiga_zn]
2025-05-03 14:16:13.762 [http-nio-5001-exec-5] DEBUG c.u.m.controller.UserController - Method getUserProfileHandler executed in 5 ms
2025-05-03 14:16:13.855 [http-nio-5001-exec-6] INFO  c.u.m.controller.UserController - Method: findAllUsers - Args: [Bearer eyJhbGciOiJIUzM4NCJ9.eyJpYXQiOjE3NDYyNjE5NzMsImV4cCI6MTc0NjM0ODM3MywiZW1haWwiOiJ0ZXN0YWRtaW4yQGV4YW1wbGUuY29tIiwiYXV0aG9yaXRpZXMiOiJST0xFX0FETUlOIn0.Zxww-3ne5F_iJ_A5d3TqLPWtzaOAf0UsKIAFhIno2LNiLfbIzDyrI3xjIwiga_zn]
2025-05-03 14:16:13.911 [http-nio-5001-exec-6] DEBUG c.u.m.controller.UserController - Method findAllUsers executed in 56 ms
2025-05-03 14:16:13.929 [http-nio-5001-exec-7] INFO  c.u.m.controller.UserController - Method: findAllUsers - Args: [Bearer eyJhbGciOiJIUzM4NCJ9.eyJpYXQiOjE3NDYyNjE5NzMsImV4cCI6MTc0NjM0ODM3MywiZW1haWwiOiJ0ZXN0YWRtaW4yQGV4YW1wbGUuY29tIiwiYXV0aG9yaXRpZXMiOiJST0xFX0FETUlOIn0.Zxww-3ne5F_iJ_A5d3TqLPWtzaOAf0UsKIAFhIno2LNiLfbIzDyrI3xjIwiga_zn]
2025-05-03 14:16:13.937 [http-nio-5001-exec-7] DEBUG c.u.m.controller.UserController - Method findAllUsers executed in 8 ms
2025-05-03 14:16:14.028 [http-nio-5001-exec-8] INFO  c.u.m.controller.UserController - Method: findAllUsers - Args: [Bearer eyJhbGciOiJIUzM4NCJ9.eyJpYXQiOjE3NDYyNjE5NzMsImV4cCI6MTc0NjM0ODM3MywiZW1haWwiOiJ0ZXN0YWRtaW4yQGV4YW1wbGUuY29tIiwiYXV0aG9yaXRpZXMiOiJST0xFX0FETUlOIn0.Zxww-3ne5F_iJ_A5d3TqLPWtzaOAf0UsKIAFhIno2LNiLfbIzDyrI3xjIwiga_zn]
2025-05-03 14:16:14.037 [http-nio-5001-exec-8] DEBUG c.u.m.controller.UserController - Method findAllUsers executed in 9 ms
2025-05-03 14:16:14.051 [http-nio-5001-exec-9] INFO  c.u.m.controller.UserController - Method: findAllUsers - Args: [Bearer eyJhbGciOiJIUzM4NCJ9.eyJpYXQiOjE3NDYyNjE5NzMsImV4cCI6MTc0NjM0ODM3MywiZW1haWwiOiJ0ZXN0YWRtaW4yQGV4YW1wbGUuY29tIiwiYXV0aG9yaXRpZXMiOiJST0xFX0FETUlOIn0.Zxww-3ne5F_iJ_A5d3TqLPWtzaOAf0UsKIAFhIno2LNiLfbIzDyrI3xjIwiga_zn]
2025-05-03 14:16:14.059 [http-nio-5001-exec-9] DEBUG c.u.m.controller.UserController - Method findAllUsers executed in 8 ms
2025-05-03 14:16:14.078 [http-nio-5001-exec-10] INFO  c.u.m.controller.UserController - Method: findAllUsers - Args: [Bearer eyJhbGciOiJIUzM4NCJ9.eyJpYXQiOjE3NDYyNjE5NzMsImV4cCI6MTc0NjM0ODM3MywiZW1haWwiOiJ0ZXN0YWRtaW4yQGV4YW1wbGUuY29tIiwiYXV0aG9yaXRpZXMiOiJST0xFX0FETUlOIn0.Zxww-3ne5F_iJ_A5d3TqLPWtzaOAf0UsKIAFhIno2LNiLfbIzDyrI3xjIwiga_zn]
2025-05-03 14:16:14.089 [http-nio-5001-exec-10] DEBUG c.u.m.controller.UserController - Method findAllUsers executed in 11 ms
2025-05-03 14:16:14.105 [http-nio-5001-exec-1] INFO  c.u.m.controller.UserController - Method: findAllUsers - Args: [Bearer eyJhbGciOiJIUzM4NCJ9.eyJpYXQiOjE3NDYyNjE5NzMsImV4cCI6MTc0NjM0ODM3MywiZW1haWwiOiJ0ZXN0YWRtaW4yQGV4YW1wbGUuY29tIiwiYXV0aG9yaXRpZXMiOiJST0xFX0FETUlOIn0.Zxww-3ne5F_iJ_A5d3TqLPWtzaOAf0UsKIAFhIno2LNiLfbIzDyrI3xjIwiga_zn]
2025-05-03 14:16:14.116 [http-nio-5001-exec-1] DEBUG c.u.m.controller.UserController - Method findAllUsers executed in 11 ms
2025-05-03 14:24:39.379 [http-nio-5001-exec-4] INFO  c.u.m.controller.UserController - Method: getUserProfileHandler - Args: [Bearer eyJhbGciOiJIUzM4NCJ9.eyJpYXQiOjE3NDYyNjE5NzMsImV4cCI6MTc0NjM0ODM3MywiZW1haWwiOiJ0ZXN0YWRtaW4yQGV4YW1wbGUuY29tIiwiYXV0aG9yaXRpZXMiOiJST0xFX0FETUlOIn0.Zxww-3ne5F_iJ_A5d3TqLPWtzaOAf0UsKIAFhIno2LNiLfbIzDyrI3xjIwiga_zn]
2025-05-03 14:24:39.386 [http-nio-5001-exec-4] DEBUG c.u.m.controller.UserController - Method getUserProfileHandler executed in 7 ms
2025-05-03 14:24:39.397 [http-nio-5001-exec-5] INFO  c.u.m.controller.UserController - Method: getUserProfileHandler - Args: [Bearer eyJhbGciOiJIUzM4NCJ9.eyJpYXQiOjE3NDYyNjE5NzMsImV4cCI6MTc0NjM0ODM3MywiZW1haWwiOiJ0ZXN0YWRtaW4yQGV4YW1wbGUuY29tIiwiYXV0aG9yaXRpZXMiOiJST0xFX0FETUlOIn0.Zxww-3ne5F_iJ_A5d3TqLPWtzaOAf0UsKIAFhIno2LNiLfbIzDyrI3xjIwiga_zn]
2025-05-03 14:24:39.403 [http-nio-5001-exec-5] DEBUG c.u.m.controller.UserController - Method getUserProfileHandler executed in 6 ms
2025-05-03 14:24:39.804 [http-nio-5001-exec-6] INFO  c.u.m.controller.UserController - Method: findAllUsers - Args: [Bearer eyJhbGciOiJIUzM4NCJ9.eyJpYXQiOjE3NDYyNjE5NzMsImV4cCI6MTc0NjM0ODM3MywiZW1haWwiOiJ0ZXN0YWRtaW4yQGV4YW1wbGUuY29tIiwiYXV0aG9yaXRpZXMiOiJST0xFX0FETUlOIn0.Zxww-3ne5F_iJ_A5d3TqLPWtzaOAf0UsKIAFhIno2LNiLfbIzDyrI3xjIwiga_zn]
2025-05-03 14:24:39.812 [http-nio-5001-exec-6] DEBUG c.u.m.controller.UserController - Method findAllUsers executed in 8 ms
2025-05-03 14:24:39.830 [http-nio-5001-exec-7] INFO  c.u.m.controller.UserController - Method: findAllUsers - Args: [Bearer eyJhbGciOiJIUzM4NCJ9.eyJpYXQiOjE3NDYyNjE5NzMsImV4cCI6MTc0NjM0ODM3MywiZW1haWwiOiJ0ZXN0YWRtaW4yQGV4YW1wbGUuY29tIiwiYXV0aG9yaXRpZXMiOiJST0xFX0FETUlOIn0.Zxww-3ne5F_iJ_A5d3TqLPWtzaOAf0UsKIAFhIno2LNiLfbIzDyrI3xjIwiga_zn]
2025-05-03 14:24:39.838 [http-nio-5001-exec-7] DEBUG c.u.m.controller.UserController - Method findAllUsers executed in 8 ms
2025-05-03 14:24:39.858 [http-nio-5001-exec-8] INFO  c.u.m.controller.UserController - Method: findAllUsers - Args: [Bearer eyJhbGciOiJIUzM4NCJ9.eyJpYXQiOjE3NDYyNjE5NzMsImV4cCI6MTc0NjM0ODM3MywiZW1haWwiOiJ0ZXN0YWRtaW4yQGV4YW1wbGUuY29tIiwiYXV0aG9yaXRpZXMiOiJST0xFX0FETUlOIn0.Zxww-3ne5F_iJ_A5d3TqLPWtzaOAf0UsKIAFhIno2LNiLfbIzDyrI3xjIwiga_zn]
2025-05-03 14:24:39.868 [http-nio-5001-exec-8] DEBUG c.u.m.controller.UserController - Method findAllUsers executed in 10 ms
2025-05-03 14:24:39.886 [http-nio-5001-exec-9] INFO  c.u.m.controller.UserController - Method: findAllUsers - Args: [Bearer eyJhbGciOiJIUzM4NCJ9.eyJpYXQiOjE3NDYyNjE5NzMsImV4cCI6MTc0NjM0ODM3MywiZW1haWwiOiJ0ZXN0YWRtaW4yQGV4YW1wbGUuY29tIiwiYXV0aG9yaXRpZXMiOiJST0xFX0FETUlOIn0.Zxww-3ne5F_iJ_A5d3TqLPWtzaOAf0UsKIAFhIno2LNiLfbIzDyrI3xjIwiga_zn]
2025-05-03 14:24:39.893 [http-nio-5001-exec-9] DEBUG c.u.m.controller.UserController - Method findAllUsers executed in 7 ms
2025-05-03 14:24:39.904 [http-nio-5001-exec-10] INFO  c.u.m.controller.UserController - Method: findAllUsers - Args: [Bearer eyJhbGciOiJIUzM4NCJ9.eyJpYXQiOjE3NDYyNjE5NzMsImV4cCI6MTc0NjM0ODM3MywiZW1haWwiOiJ0ZXN0YWRtaW4yQGV4YW1wbGUuY29tIiwiYXV0aG9yaXRpZXMiOiJST0xFX0FETUlOIn0.Zxww-3ne5F_iJ_A5d3TqLPWtzaOAf0UsKIAFhIno2LNiLfbIzDyrI3xjIwiga_zn]
2025-05-03 14:24:39.910 [http-nio-5001-exec-10] DEBUG c.u.m.controller.UserController - Method findAllUsers executed in 6 ms
2025-05-03 14:24:39.920 [http-nio-5001-exec-1] INFO  c.u.m.controller.UserController - Method: findAllUsers - Args: [Bearer eyJhbGciOiJIUzM4NCJ9.eyJpYXQiOjE3NDYyNjE5NzMsImV4cCI6MTc0NjM0ODM3MywiZW1haWwiOiJ0ZXN0YWRtaW4yQGV4YW1wbGUuY29tIiwiYXV0aG9yaXRpZXMiOiJST0xFX0FETUlOIn0.Zxww-3ne5F_iJ_A5d3TqLPWtzaOAf0UsKIAFhIno2LNiLfbIzDyrI3xjIwiga_zn]
2025-05-03 14:24:39.925 [http-nio-5001-exec-1] DEBUG c.u.m.controller.UserController - Method findAllUsers executed in 5 ms
2025-05-03 14:29:47.027 [http-nio-5001-exec-3] INFO  c.u.m.controller.UserController - Method: getUserProfileHandler - Args: [Bearer eyJhbGciOiJIUzM4NCJ9.eyJpYXQiOjE3NDYyNjE5NzMsImV4cCI6MTc0NjM0ODM3MywiZW1haWwiOiJ0ZXN0YWRtaW4yQGV4YW1wbGUuY29tIiwiYXV0aG9yaXRpZXMiOiJST0xFX0FETUlOIn0.Zxww-3ne5F_iJ_A5d3TqLPWtzaOAf0UsKIAFhIno2LNiLfbIzDyrI3xjIwiga_zn]
2025-05-03 14:29:47.034 [http-nio-5001-exec-3] DEBUG c.u.m.controller.UserController - Method getUserProfileHandler executed in 7 ms
2025-05-03 14:29:49.497 [http-nio-5001-exec-4] INFO  c.u.m.controller.UserController - Method: getUserProfileHandler - Args: [Bearer eyJhbGciOiJIUzM4NCJ9.eyJpYXQiOjE3NDYyNjE5NzMsImV4cCI6MTc0NjM0ODM3MywiZW1haWwiOiJ0ZXN0YWRtaW4yQGV4YW1wbGUuY29tIiwiYXV0aG9yaXRpZXMiOiJST0xFX0FETUlOIn0.Zxww-3ne5F_iJ_A5d3TqLPWtzaOAf0UsKIAFhIno2LNiLfbIzDyrI3xjIwiga_zn]
2025-05-03 14:29:49.505 [http-nio-5001-exec-4] DEBUG c.u.m.controller.UserController - Method getUserProfileHandler executed in 8 ms
2025-05-03 14:29:49.521 [http-nio-5001-exec-5] INFO  c.u.m.controller.UserController - Method: getUserProfileHandler - Args: [Bearer eyJhbGciOiJIUzM4NCJ9.eyJpYXQiOjE3NDYyNjE5NzMsImV4cCI6MTc0NjM0ODM3MywiZW1haWwiOiJ0ZXN0YWRtaW4yQGV4YW1wbGUuY29tIiwiYXV0aG9yaXRpZXMiOiJST0xFX0FETUlOIn0.Zxww-3ne5F_iJ_A5d3TqLPWtzaOAf0UsKIAFhIno2LNiLfbIzDyrI3xjIwiga_zn]
2025-05-03 14:29:49.530 [http-nio-5001-exec-5] DEBUG c.u.m.controller.UserController - Method getUserProfileHandler executed in 9 ms
2025-05-03 14:29:49.780 [http-nio-5001-exec-6] INFO  c.u.m.controller.UserController - Method: findAllUsers - Args: [Bearer eyJhbGciOiJIUzM4NCJ9.eyJpYXQiOjE3NDYyNjE5NzMsImV4cCI6MTc0NjM0ODM3MywiZW1haWwiOiJ0ZXN0YWRtaW4yQGV4YW1wbGUuY29tIiwiYXV0aG9yaXRpZXMiOiJST0xFX0FETUlOIn0.Zxww-3ne5F_iJ_A5d3TqLPWtzaOAf0UsKIAFhIno2LNiLfbIzDyrI3xjIwiga_zn]
2025-05-03 14:29:49.789 [http-nio-5001-exec-6] DEBUG c.u.m.controller.UserController - Method findAllUsers executed in 9 ms
2025-05-03 14:29:49.810 [http-nio-5001-exec-7] INFO  c.u.m.controller.UserController - Method: findAllUsers - Args: [Bearer eyJhbGciOiJIUzM4NCJ9.eyJpYXQiOjE3NDYyNjE5NzMsImV4cCI6MTc0NjM0ODM3MywiZW1haWwiOiJ0ZXN0YWRtaW4yQGV4YW1wbGUuY29tIiwiYXV0aG9yaXRpZXMiOiJST0xFX0FETUlOIn0.Zxww-3ne5F_iJ_A5d3TqLPWtzaOAf0UsKIAFhIno2LNiLfbIzDyrI3xjIwiga_zn]
2025-05-03 14:29:49.822 [http-nio-5001-exec-7] DEBUG c.u.m.controller.UserController - Method findAllUsers executed in 12 ms
2025-05-03 14:29:49.840 [http-nio-5001-exec-8] INFO  c.u.m.controller.UserController - Method: findAllUsers - Args: [Bearer eyJhbGciOiJIUzM4NCJ9.eyJpYXQiOjE3NDYyNjE5NzMsImV4cCI6MTc0NjM0ODM3MywiZW1haWwiOiJ0ZXN0YWRtaW4yQGV4YW1wbGUuY29tIiwiYXV0aG9yaXRpZXMiOiJST0xFX0FETUlOIn0.Zxww-3ne5F_iJ_A5d3TqLPWtzaOAf0UsKIAFhIno2LNiLfbIzDyrI3xjIwiga_zn]
2025-05-03 14:29:49.851 [http-nio-5001-exec-8] DEBUG c.u.m.controller.UserController - Method findAllUsers executed in 11 ms
2025-05-03 14:29:49.869 [http-nio-5001-exec-9] INFO  c.u.m.controller.UserController - Method: findAllUsers - Args: [Bearer eyJhbGciOiJIUzM4NCJ9.eyJpYXQiOjE3NDYyNjE5NzMsImV4cCI6MTc0NjM0ODM3MywiZW1haWwiOiJ0ZXN0YWRtaW4yQGV4YW1wbGUuY29tIiwiYXV0aG9yaXRpZXMiOiJST0xFX0FETUlOIn0.Zxww-3ne5F_iJ_A5d3TqLPWtzaOAf0UsKIAFhIno2LNiLfbIzDyrI3xjIwiga_zn]
2025-05-03 14:29:49.877 [http-nio-5001-exec-9] DEBUG c.u.m.controller.UserController - Method findAllUsers executed in 8 ms
2025-05-03 14:29:49.889 [http-nio-5001-exec-10] INFO  c.u.m.controller.UserController - Method: findAllUsers - Args: [Bearer eyJhbGciOiJIUzM4NCJ9.eyJpYXQiOjE3NDYyNjE5NzMsImV4cCI6MTc0NjM0ODM3MywiZW1haWwiOiJ0ZXN0YWRtaW4yQGV4YW1wbGUuY29tIiwiYXV0aG9yaXRpZXMiOiJST0xFX0FETUlOIn0.Zxww-3ne5F_iJ_A5d3TqLPWtzaOAf0UsKIAFhIno2LNiLfbIzDyrI3xjIwiga_zn]
2025-05-03 14:29:49.896 [http-nio-5001-exec-10] DEBUG c.u.m.controller.UserController - Method findAllUsers executed in 7 ms
2025-05-03 14:29:49.906 [http-nio-5001-exec-1] INFO  c.u.m.controller.UserController - Method: findAllUsers - Args: [Bearer eyJhbGciOiJIUzM4NCJ9.eyJpYXQiOjE3NDYyNjE5NzMsImV4cCI6MTc0NjM0ODM3MywiZW1haWwiOiJ0ZXN0YWRtaW4yQGV4YW1wbGUuY29tIiwiYXV0aG9yaXRpZXMiOiJST0xFX0FETUlOIn0.Zxww-3ne5F_iJ_A5d3TqLPWtzaOAf0UsKIAFhIno2LNiLfbIzDyrI3xjIwiga_zn]
2025-05-03 14:29:49.917 [http-nio-5001-exec-1] DEBUG c.u.m.controller.UserController - Method findAllUsers executed in 11 ms
2025-05-03 14:31:05.011 [http-nio-5001-exec-3] INFO  c.u.m.controller.UserController - Method: getUserProfileHandler - Args: [Bearer eyJhbGciOiJIUzM4NCJ9.eyJpYXQiOjE3NDYyNjE5NzMsImV4cCI6MTc0NjM0ODM3MywiZW1haWwiOiJ0ZXN0YWRtaW4yQGV4YW1wbGUuY29tIiwiYXV0aG9yaXRpZXMiOiJST0xFX0FETUlOIn0.Zxww-3ne5F_iJ_A5d3TqLPWtzaOAf0UsKIAFhIno2LNiLfbIzDyrI3xjIwiga_zn]
2025-05-03 14:31:05.016 [http-nio-5001-exec-3] DEBUG c.u.m.controller.UserController - Method getUserProfileHandler executed in 5 ms
2025-05-03 14:31:08.174 [http-nio-5001-exec-4] INFO  c.u.m.controller.UserController - Method: getUserProfileHandler - Args: [Bearer eyJhbGciOiJIUzM4NCJ9.eyJpYXQiOjE3NDYyNjE5NzMsImV4cCI6MTc0NjM0ODM3MywiZW1haWwiOiJ0ZXN0YWRtaW4yQGV4YW1wbGUuY29tIiwiYXV0aG9yaXRpZXMiOiJST0xFX0FETUlOIn0.Zxww-3ne5F_iJ_A5d3TqLPWtzaOAf0UsKIAFhIno2LNiLfbIzDyrI3xjIwiga_zn]
2025-05-03 14:31:08.183 [http-nio-5001-exec-4] DEBUG c.u.m.controller.UserController - Method getUserProfileHandler executed in 9 ms
2025-05-03 14:31:08.195 [http-nio-5001-exec-5] INFO  c.u.m.controller.UserController - Method: getUserProfileHandler - Args: [Bearer eyJhbGciOiJIUzM4NCJ9.eyJpYXQiOjE3NDYyNjE5NzMsImV4cCI6MTc0NjM0ODM3MywiZW1haWwiOiJ0ZXN0YWRtaW4yQGV4YW1wbGUuY29tIiwiYXV0aG9yaXRpZXMiOiJST0xFX0FETUlOIn0.Zxww-3ne5F_iJ_A5d3TqLPWtzaOAf0UsKIAFhIno2LNiLfbIzDyrI3xjIwiga_zn]
2025-05-03 14:31:08.202 [http-nio-5001-exec-5] DEBUG c.u.m.controller.UserController - Method getUserProfileHandler executed in 7 ms
2025-05-03 14:31:08.424 [http-nio-5001-exec-6] INFO  c.u.m.controller.UserController - Method: findAllUsers - Args: [Bearer eyJhbGciOiJIUzM4NCJ9.eyJpYXQiOjE3NDYyNjE5NzMsImV4cCI6MTc0NjM0ODM3MywiZW1haWwiOiJ0ZXN0YWRtaW4yQGV4YW1wbGUuY29tIiwiYXV0aG9yaXRpZXMiOiJST0xFX0FETUlOIn0.Zxww-3ne5F_iJ_A5d3TqLPWtzaOAf0UsKIAFhIno2LNiLfbIzDyrI3xjIwiga_zn]
2025-05-03 14:31:08.434 [http-nio-5001-exec-6] DEBUG c.u.m.controller.UserController - Method findAllUsers executed in 10 ms
2025-05-03 14:31:08.453 [http-nio-5001-exec-7] INFO  c.u.m.controller.UserController - Method: findAllUsers - Args: [Bearer eyJhbGciOiJIUzM4NCJ9.eyJpYXQiOjE3NDYyNjE5NzMsImV4cCI6MTc0NjM0ODM3MywiZW1haWwiOiJ0ZXN0YWRtaW4yQGV4YW1wbGUuY29tIiwiYXV0aG9yaXRpZXMiOiJST0xFX0FETUlOIn0.Zxww-3ne5F_iJ_A5d3TqLPWtzaOAf0UsKIAFhIno2LNiLfbIzDyrI3xjIwiga_zn]
2025-05-03 14:31:08.466 [http-nio-5001-exec-7] DEBUG c.u.m.controller.UserController - Method findAllUsers executed in 13 ms
2025-05-03 14:31:08.484 [http-nio-5001-exec-8] INFO  c.u.m.controller.UserController - Method: findAllUsers - Args: [Bearer eyJhbGciOiJIUzM4NCJ9.eyJpYXQiOjE3NDYyNjE5NzMsImV4cCI6MTc0NjM0ODM3MywiZW1haWwiOiJ0ZXN0YWRtaW4yQGV4YW1wbGUuY29tIiwiYXV0aG9yaXRpZXMiOiJST0xFX0FETUlOIn0.Zxww-3ne5F_iJ_A5d3TqLPWtzaOAf0UsKIAFhIno2LNiLfbIzDyrI3xjIwiga_zn]
2025-05-03 14:31:08.493 [http-nio-5001-exec-8] DEBUG c.u.m.controller.UserController - Method findAllUsers executed in 9 ms
2025-05-03 14:31:08.505 [http-nio-5001-exec-9] INFO  c.u.m.controller.UserController - Method: findAllUsers - Args: [Bearer eyJhbGciOiJIUzM4NCJ9.eyJpYXQiOjE3NDYyNjE5NzMsImV4cCI6MTc0NjM0ODM3MywiZW1haWwiOiJ0ZXN0YWRtaW4yQGV4YW1wbGUuY29tIiwiYXV0aG9yaXRpZXMiOiJST0xFX0FETUlOIn0.Zxww-3ne5F_iJ_A5d3TqLPWtzaOAf0UsKIAFhIno2LNiLfbIzDyrI3xjIwiga_zn]
2025-05-03 14:31:08.512 [http-nio-5001-exec-9] DEBUG c.u.m.controller.UserController - Method findAllUsers executed in 7 ms
2025-05-03 14:31:08.522 [http-nio-5001-exec-10] INFO  c.u.m.controller.UserController - Method: findAllUsers - Args: [Bearer eyJhbGciOiJIUzM4NCJ9.eyJpYXQiOjE3NDYyNjE5NzMsImV4cCI6MTc0NjM0ODM3MywiZW1haWwiOiJ0ZXN0YWRtaW4yQGV4YW1wbGUuY29tIiwiYXV0aG9yaXRpZXMiOiJST0xFX0FETUlOIn0.Zxww-3ne5F_iJ_A5d3TqLPWtzaOAf0UsKIAFhIno2LNiLfbIzDyrI3xjIwiga_zn]
2025-05-03 14:31:08.527 [http-nio-5001-exec-10] DEBUG c.u.m.controller.UserController - Method findAllUsers executed in 5 ms
2025-05-03 14:31:08.539 [http-nio-5001-exec-1] INFO  c.u.m.controller.UserController - Method: findAllUsers - Args: [Bearer eyJhbGciOiJIUzM4NCJ9.eyJpYXQiOjE3NDYyNjE5NzMsImV4cCI6MTc0NjM0ODM3MywiZW1haWwiOiJ0ZXN0YWRtaW4yQGV4YW1wbGUuY29tIiwiYXV0aG9yaXRpZXMiOiJST0xFX0FETUlOIn0.Zxww-3ne5F_iJ_A5d3TqLPWtzaOAf0UsKIAFhIno2LNiLfbIzDyrI3xjIwiga_zn]
2025-05-03 14:31:08.544 [http-nio-5001-exec-1] DEBUG c.u.m.controller.UserController - Method findAllUsers executed in 5 ms
2025-05-03 14:31:20.005 [http-nio-5001-exec-2] INFO  c.u.m.controller.UserController - Method: getUserProfileHandler - Args: [Bearer eyJhbGciOiJIUzM4NCJ9.eyJpYXQiOjE3NDYyNjE5NzMsImV4cCI6MTc0NjM0ODM3MywiZW1haWwiOiJ0ZXN0YWRtaW4yQGV4YW1wbGUuY29tIiwiYXV0aG9yaXRpZXMiOiJST0xFX0FETUlOIn0.Zxww-3ne5F_iJ_A5d3TqLPWtzaOAf0UsKIAFhIno2LNiLfbIzDyrI3xjIwiga_zn]
2025-05-03 14:31:20.011 [http-nio-5001-exec-2] DEBUG c.u.m.controller.UserController - Method getUserProfileHandler executed in 6 ms
2025-05-03 14:31:30.004 [http-nio-5001-exec-3] INFO  c.u.m.controller.UserController - Method: getUserProfileHandler - Args: [Bearer eyJhbGciOiJIUzM4NCJ9.eyJpYXQiOjE3NDYyNjE5NzMsImV4cCI6MTc0NjM0ODM3MywiZW1haWwiOiJ0ZXN0YWRtaW4yQGV4YW1wbGUuY29tIiwiYXV0aG9yaXRpZXMiOiJST0xFX0FETUlOIn0.Zxww-3ne5F_iJ_A5d3TqLPWtzaOAf0UsKIAFhIno2LNiLfbIzDyrI3xjIwiga_zn]
2025-05-03 14:31:30.010 [http-nio-5001-exec-3] DEBUG c.u.m.controller.UserController - Method getUserProfileHandler executed in 7 ms
2025-05-03 14:32:02.413 [http-nio-5001-exec-4] INFO  c.u.m.controller.UserController - Method: getUserProfileHandler - Args: [Bearer eyJhbGciOiJIUzM4NCJ9.eyJpYXQiOjE3NDYyNjE5NzMsImV4cCI6MTc0NjM0ODM3MywiZW1haWwiOiJ0ZXN0YWRtaW4yQGV4YW1wbGUuY29tIiwiYXV0aG9yaXRpZXMiOiJST0xFX0FETUlOIn0.Zxww-3ne5F_iJ_A5d3TqLPWtzaOAf0UsKIAFhIno2LNiLfbIzDyrI3xjIwiga_zn]
2025-05-03 14:32:02.419 [http-nio-5001-exec-4] DEBUG c.u.m.controller.UserController - Method getUserProfileHandler executed in 7 ms
2025-05-03 14:32:02.428 [http-nio-5001-exec-5] INFO  c.u.m.controller.UserController - Method: getUserProfileHandler - Args: [Bearer eyJhbGciOiJIUzM4NCJ9.eyJpYXQiOjE3NDYyNjE5NzMsImV4cCI6MTc0NjM0ODM3MywiZW1haWwiOiJ0ZXN0YWRtaW4yQGV4YW1wbGUuY29tIiwiYXV0aG9yaXRpZXMiOiJST0xFX0FETUlOIn0.Zxww-3ne5F_iJ_A5d3TqLPWtzaOAf0UsKIAFhIno2LNiLfbIzDyrI3xjIwiga_zn]
2025-05-03 14:32:02.435 [http-nio-5001-exec-5] DEBUG c.u.m.controller.UserController - Method getUserProfileHandler executed in 7 ms
2025-05-03 14:32:02.625 [http-nio-5001-exec-6] INFO  c.u.m.controller.UserController - Method: findAllUsers - Args: [Bearer eyJhbGciOiJIUzM4NCJ9.eyJpYXQiOjE3NDYyNjE5NzMsImV4cCI6MTc0NjM0ODM3MywiZW1haWwiOiJ0ZXN0YWRtaW4yQGV4YW1wbGUuY29tIiwiYXV0aG9yaXRpZXMiOiJST0xFX0FETUlOIn0.Zxww-3ne5F_iJ_A5d3TqLPWtzaOAf0UsKIAFhIno2LNiLfbIzDyrI3xjIwiga_zn]
2025-05-03 14:32:02.636 [http-nio-5001-exec-6] DEBUG c.u.m.controller.UserController - Method findAllUsers executed in 11 ms
2025-05-03 14:32:02.651 [http-nio-5001-exec-7] INFO  c.u.m.controller.UserController - Method: findAllUsers - Args: [Bearer eyJhbGciOiJIUzM4NCJ9.eyJpYXQiOjE3NDYyNjE5NzMsImV4cCI6MTc0NjM0ODM3MywiZW1haWwiOiJ0ZXN0YWRtaW4yQGV4YW1wbGUuY29tIiwiYXV0aG9yaXRpZXMiOiJST0xFX0FETUlOIn0.Zxww-3ne5F_iJ_A5d3TqLPWtzaOAf0UsKIAFhIno2LNiLfbIzDyrI3xjIwiga_zn]
2025-05-03 14:32:02.659 [http-nio-5001-exec-7] DEBUG c.u.m.controller.UserController - Method findAllUsers executed in 8 ms
2025-05-03 14:32:02.679 [http-nio-5001-exec-8] INFO  c.u.m.controller.UserController - Method: findAllUsers - Args: [Bearer eyJhbGciOiJIUzM4NCJ9.eyJpYXQiOjE3NDYyNjE5NzMsImV4cCI6MTc0NjM0ODM3MywiZW1haWwiOiJ0ZXN0YWRtaW4yQGV4YW1wbGUuY29tIiwiYXV0aG9yaXRpZXMiOiJST0xFX0FETUlOIn0.Zxww-3ne5F_iJ_A5d3TqLPWtzaOAf0UsKIAFhIno2LNiLfbIzDyrI3xjIwiga_zn]
2025-05-03 14:32:02.687 [http-nio-5001-exec-8] DEBUG c.u.m.controller.UserController - Method findAllUsers executed in 8 ms
2025-05-03 14:32:02.698 [http-nio-5001-exec-9] INFO  c.u.m.controller.UserController - Method: findAllUsers - Args: [Bearer eyJhbGciOiJIUzM4NCJ9.eyJpYXQiOjE3NDYyNjE5NzMsImV4cCI6MTc0NjM0ODM3MywiZW1haWwiOiJ0ZXN0YWRtaW4yQGV4YW1wbGUuY29tIiwiYXV0aG9yaXRpZXMiOiJST0xFX0FETUlOIn0.Zxww-3ne5F_iJ_A5d3TqLPWtzaOAf0UsKIAFhIno2LNiLfbIzDyrI3xjIwiga_zn]
2025-05-03 14:32:02.702 [http-nio-5001-exec-9] DEBUG c.u.m.controller.UserController - Method findAllUsers executed in 4 ms
2025-05-03 14:33:32.791 [http-nio-5001-exec-1] INFO  c.u.m.controller.UserController - Method: getUserProfileHandler - Args: [Bearer eyJhbGciOiJIUzM4NCJ9.eyJpYXQiOjE3NDYyNjE5NzMsImV4cCI6MTc0NjM0ODM3MywiZW1haWwiOiJ0ZXN0YWRtaW4yQGV4YW1wbGUuY29tIiwiYXV0aG9yaXRpZXMiOiJST0xFX0FETUlOIn0.Zxww-3ne5F_iJ_A5d3TqLPWtzaOAf0UsKIAFhIno2LNiLfbIzDyrI3xjIwiga_zn]
2025-05-03 14:33:32.801 [http-nio-5001-exec-1] DEBUG c.u.m.controller.UserController - Method getUserProfileHandler executed in 10 ms
2025-05-03 14:34:22.486 [http-nio-5001-exec-2] INFO  c.u.m.controller.UserController - Method: findAllUsers - Args: [Bearer eyJhbGciOiJIUzM4NCJ9.eyJpYXQiOjE3NDYyNjE5NzMsImV4cCI6MTc0NjM0ODM3MywiZW1haWwiOiJ0ZXN0YWRtaW4yQGV4YW1wbGUuY29tIiwiYXV0aG9yaXRpZXMiOiJST0xFX0FETUlOIn0.Zxww-3ne5F_iJ_A5d3TqLPWtzaOAf0UsKIAFhIno2LNiLfbIzDyrI3xjIwiga_zn]
2025-05-03 14:34:22.496 [http-nio-5001-exec-2] DEBUG c.u.m.controller.UserController - Method findAllUsers executed in 10 ms
2025-05-03 14:34:22.511 [http-nio-5001-exec-3] INFO  c.u.m.controller.UserController - Method: findAllUsers - Args: [Bearer eyJhbGciOiJIUzM4NCJ9.eyJpYXQiOjE3NDYyNjE5NzMsImV4cCI6MTc0NjM0ODM3MywiZW1haWwiOiJ0ZXN0YWRtaW4yQGV4YW1wbGUuY29tIiwiYXV0aG9yaXRpZXMiOiJST0xFX0FETUlOIn0.Zxww-3ne5F_iJ_A5d3TqLPWtzaOAf0UsKIAFhIno2LNiLfbIzDyrI3xjIwiga_zn]
2025-05-03 14:34:22.520 [http-nio-5001-exec-3] DEBUG c.u.m.controller.UserController - Method findAllUsers executed in 9 ms
2025-05-03 14:34:22.531 [http-nio-5001-exec-4] INFO  c.u.m.controller.UserController - Method: findAllUsers - Args: [Bearer eyJhbGciOiJIUzM4NCJ9.eyJpYXQiOjE3NDYyNjE5NzMsImV4cCI6MTc0NjM0ODM3MywiZW1haWwiOiJ0ZXN0YWRtaW4yQGV4YW1wbGUuY29tIiwiYXV0aG9yaXRpZXMiOiJST0xFX0FETUlOIn0.Zxww-3ne5F_iJ_A5d3TqLPWtzaOAf0UsKIAFhIno2LNiLfbIzDyrI3xjIwiga_zn]
2025-05-03 14:34:22.540 [http-nio-5001-exec-4] DEBUG c.u.m.controller.UserController - Method findAllUsers executed in 9 ms
2025-05-03 14:34:22.552 [http-nio-5001-exec-5] INFO  c.u.m.controller.UserController - Method: findAllUsers - Args: [Bearer eyJhbGciOiJIUzM4NCJ9.eyJpYXQiOjE3NDYyNjE5NzMsImV4cCI6MTc0NjM0ODM3MywiZW1haWwiOiJ0ZXN0YWRtaW4yQGV4YW1wbGUuY29tIiwiYXV0aG9yaXRpZXMiOiJST0xFX0FETUlOIn0.Zxww-3ne5F_iJ_A5d3TqLPWtzaOAf0UsKIAFhIno2LNiLfbIzDyrI3xjIwiga_zn]
2025-05-03 14:34:22.559 [http-nio-5001-exec-5] DEBUG c.u.m.controller.UserController - Method findAllUsers executed in 7 ms
2025-05-03 14:34:25.585 [http-nio-5001-exec-6] INFO  c.u.m.controller.UserController - Method: findAllUsers - Args: [Bearer eyJhbGciOiJIUzM4NCJ9.eyJpYXQiOjE3NDYyNjE5NzMsImV4cCI6MTc0NjM0ODM3MywiZW1haWwiOiJ0ZXN0YWRtaW4yQGV4YW1wbGUuY29tIiwiYXV0aG9yaXRpZXMiOiJST0xFX0FETUlOIn0.Zxww-3ne5F_iJ_A5d3TqLPWtzaOAf0UsKIAFhIno2LNiLfbIzDyrI3xjIwiga_zn]
2025-05-03 14:34:25.593 [http-nio-5001-exec-6] DEBUG c.u.m.controller.UserController - Method findAllUsers executed in 8 ms
2025-05-03 14:34:25.606 [http-nio-5001-exec-7] INFO  c.u.m.controller.UserController - Method: findAllUsers - Args: [Bearer eyJhbGciOiJIUzM4NCJ9.eyJpYXQiOjE3NDYyNjE5NzMsImV4cCI6MTc0NjM0ODM3MywiZW1haWwiOiJ0ZXN0YWRtaW4yQGV4YW1wbGUuY29tIiwiYXV0aG9yaXRpZXMiOiJST0xFX0FETUlOIn0.Zxww-3ne5F_iJ_A5d3TqLPWtzaOAf0UsKIAFhIno2LNiLfbIzDyrI3xjIwiga_zn]
2025-05-03 14:34:25.614 [http-nio-5001-exec-7] DEBUG c.u.m.controller.UserController - Method findAllUsers executed in 8 ms
2025-05-03 14:34:25.626 [http-nio-5001-exec-8] INFO  c.u.m.controller.UserController - Method: findAllUsers - Args: [Bearer eyJhbGciOiJIUzM4NCJ9.eyJpYXQiOjE3NDYyNjE5NzMsImV4cCI6MTc0NjM0ODM3MywiZW1haWwiOiJ0ZXN0YWRtaW4yQGV4YW1wbGUuY29tIiwiYXV0aG9yaXRpZXMiOiJST0xFX0FETUlOIn0.Zxww-3ne5F_iJ_A5d3TqLPWtzaOAf0UsKIAFhIno2LNiLfbIzDyrI3xjIwiga_zn]
2025-05-03 14:34:25.632 [http-nio-5001-exec-8] DEBUG c.u.m.controller.UserController - Method findAllUsers executed in 6 ms
2025-05-03 14:34:25.644 [http-nio-5001-exec-9] INFO  c.u.m.controller.UserController - Method: findAllUsers - Args: [Bearer eyJhbGciOiJIUzM4NCJ9.eyJpYXQiOjE3NDYyNjE5NzMsImV4cCI6MTc0NjM0ODM3MywiZW1haWwiOiJ0ZXN0YWRtaW4yQGV4YW1wbGUuY29tIiwiYXV0aG9yaXRpZXMiOiJST0xFX0FETUlOIn0.Zxww-3ne5F_iJ_A5d3TqLPWtzaOAf0UsKIAFhIno2LNiLfbIzDyrI3xjIwiga_zn]
2025-05-03 14:34:25.650 [http-nio-5001-exec-9] DEBUG c.u.m.controller.UserController - Method findAllUsers executed in 6 ms
2025-05-03 14:34:26.920 [http-nio-5001-exec-10] INFO  c.u.m.controller.UserController - Method: findAllUsers - Args: [Bearer eyJhbGciOiJIUzM4NCJ9.eyJpYXQiOjE3NDYyNjE5NzMsImV4cCI6MTc0NjM0ODM3MywiZW1haWwiOiJ0ZXN0YWRtaW4yQGV4YW1wbGUuY29tIiwiYXV0aG9yaXRpZXMiOiJST0xFX0FETUlOIn0.Zxww-3ne5F_iJ_A5d3TqLPWtzaOAf0UsKIAFhIno2LNiLfbIzDyrI3xjIwiga_zn]
2025-05-03 14:34:26.930 [http-nio-5001-exec-10] DEBUG c.u.m.controller.UserController - Method findAllUsers executed in 10 ms
2025-05-03 14:34:26.945 [http-nio-5001-exec-1] INFO  c.u.m.controller.UserController - Method: findAllUsers - Args: [Bearer eyJhbGciOiJIUzM4NCJ9.eyJpYXQiOjE3NDYyNjE5NzMsImV4cCI6MTc0NjM0ODM3MywiZW1haWwiOiJ0ZXN0YWRtaW4yQGV4YW1wbGUuY29tIiwiYXV0aG9yaXRpZXMiOiJST0xFX0FETUlOIn0.Zxww-3ne5F_iJ_A5d3TqLPWtzaOAf0UsKIAFhIno2LNiLfbIzDyrI3xjIwiga_zn]
2025-05-03 14:34:26.953 [http-nio-5001-exec-1] DEBUG c.u.m.controller.UserController - Method findAllUsers executed in 8 ms
2025-05-03 14:34:26.964 [http-nio-5001-exec-2] INFO  c.u.m.controller.UserController - Method: findAllUsers - Args: [Bearer eyJhbGciOiJIUzM4NCJ9.eyJpYXQiOjE3NDYyNjE5NzMsImV4cCI6MTc0NjM0ODM3MywiZW1haWwiOiJ0ZXN0YWRtaW4yQGV4YW1wbGUuY29tIiwiYXV0aG9yaXRpZXMiOiJST0xFX0FETUlOIn0.Zxww-3ne5F_iJ_A5d3TqLPWtzaOAf0UsKIAFhIno2LNiLfbIzDyrI3xjIwiga_zn]
2025-05-03 14:34:26.972 [http-nio-5001-exec-2] DEBUG c.u.m.controller.UserController - Method findAllUsers executed in 8 ms
2025-05-03 14:34:26.980 [http-nio-5001-exec-3] INFO  c.u.m.controller.UserController - Method: findAllUsers - Args: [Bearer eyJhbGciOiJIUzM4NCJ9.eyJpYXQiOjE3NDYyNjE5NzMsImV4cCI6MTc0NjM0ODM3MywiZW1haWwiOiJ0ZXN0YWRtaW4yQGV4YW1wbGUuY29tIiwiYXV0aG9yaXRpZXMiOiJST0xFX0FETUlOIn0.Zxww-3ne5F_iJ_A5d3TqLPWtzaOAf0UsKIAFhIno2LNiLfbIzDyrI3xjIwiga_zn]
2025-05-03 14:34:26.987 [http-nio-5001-exec-3] DEBUG c.u.m.controller.UserController - Method findAllUsers executed in 7 ms
2025-05-03 14:34:31.017 [http-nio-5001-exec-4] INFO  c.u.m.controller.UserController - Method: getUserProfileHandler - Args: [Bearer eyJhbGciOiJIUzM4NCJ9.eyJpYXQiOjE3NDYyNjE5NzMsImV4cCI6MTc0NjM0ODM3MywiZW1haWwiOiJ0ZXN0YWRtaW4yQGV4YW1wbGUuY29tIiwiYXV0aG9yaXRpZXMiOiJST0xFX0FETUlOIn0.Zxww-3ne5F_iJ_A5d3TqLPWtzaOAf0UsKIAFhIno2LNiLfbIzDyrI3xjIwiga_zn]
2025-05-03 14:34:31.024 [http-nio-5001-exec-4] DEBUG c.u.m.controller.UserController - Method getUserProfileHandler executed in 7 ms
2025-05-03 14:34:43.785 [http-nio-5001-exec-5] INFO  c.u.m.controller.UserController - Method: getUserProfileHandler - Args: [Bearer eyJhbGciOiJIUzM4NCJ9.eyJpYXQiOjE3NDYyNjE5NzMsImV4cCI6MTc0NjM0ODM3MywiZW1haWwiOiJ0ZXN0YWRtaW4yQGV4YW1wbGUuY29tIiwiYXV0aG9yaXRpZXMiOiJST0xFX0FETUlOIn0.Zxww-3ne5F_iJ_A5d3TqLPWtzaOAf0UsKIAFhIno2LNiLfbIzDyrI3xjIwiga_zn]
2025-05-03 14:34:43.796 [http-nio-5001-exec-5] DEBUG c.u.m.controller.UserController - Method getUserProfileHandler executed in 11 ms
2025-05-03 14:34:51.739 [http-nio-5001-exec-6] INFO  c.u.m.controller.UserController - Method: findAllUsers - Args: [Bearer eyJhbGciOiJIUzM4NCJ9.eyJpYXQiOjE3NDYyNjE5NzMsImV4cCI6MTc0NjM0ODM3MywiZW1haWwiOiJ0ZXN0YWRtaW4yQGV4YW1wbGUuY29tIiwiYXV0aG9yaXRpZXMiOiJST0xFX0FETUlOIn0.Zxww-3ne5F_iJ_A5d3TqLPWtzaOAf0UsKIAFhIno2LNiLfbIzDyrI3xjIwiga_zn]
2025-05-03 14:34:51.747 [http-nio-5001-exec-6] DEBUG c.u.m.controller.UserController - Method findAllUsers executed in 8 ms
2025-05-03 14:34:51.758 [http-nio-5001-exec-7] INFO  c.u.m.controller.UserController - Method: findAllUsers - Args: [Bearer eyJhbGciOiJIUzM4NCJ9.eyJpYXQiOjE3NDYyNjE5NzMsImV4cCI6MTc0NjM0ODM3MywiZW1haWwiOiJ0ZXN0YWRtaW4yQGV4YW1wbGUuY29tIiwiYXV0aG9yaXRpZXMiOiJST0xFX0FETUlOIn0.Zxww-3ne5F_iJ_A5d3TqLPWtzaOAf0UsKIAFhIno2LNiLfbIzDyrI3xjIwiga_zn]
2025-05-03 14:34:51.766 [http-nio-5001-exec-7] DEBUG c.u.m.controller.UserController - Method findAllUsers executed in 8 ms
2025-05-03 14:34:51.777 [http-nio-5001-exec-8] INFO  c.u.m.controller.UserController - Method: findAllUsers - Args: [Bearer eyJhbGciOiJIUzM4NCJ9.eyJpYXQiOjE3NDYyNjE5NzMsImV4cCI6MTc0NjM0ODM3MywiZW1haWwiOiJ0ZXN0YWRtaW4yQGV4YW1wbGUuY29tIiwiYXV0aG9yaXRpZXMiOiJST0xFX0FETUlOIn0.Zxww-3ne5F_iJ_A5d3TqLPWtzaOAf0UsKIAFhIno2LNiLfbIzDyrI3xjIwiga_zn]
2025-05-03 14:34:51.785 [http-nio-5001-exec-8] DEBUG c.u.m.controller.UserController - Method findAllUsers executed in 8 ms
2025-05-03 14:34:51.796 [http-nio-5001-exec-9] INFO  c.u.m.controller.UserController - Method: findAllUsers - Args: [Bearer eyJhbGciOiJIUzM4NCJ9.eyJpYXQiOjE3NDYyNjE5NzMsImV4cCI6MTc0NjM0ODM3MywiZW1haWwiOiJ0ZXN0YWRtaW4yQGV4YW1wbGUuY29tIiwiYXV0aG9yaXRpZXMiOiJST0xFX0FETUlOIn0.Zxww-3ne5F_iJ_A5d3TqLPWtzaOAf0UsKIAFhIno2LNiLfbIzDyrI3xjIwiga_zn]
2025-05-03 14:34:51.802 [http-nio-5001-exec-9] DEBUG c.u.m.controller.UserController - Method findAllUsers executed in 6 ms
2025-05-03 14:36:13.481 [http-nio-5001-exec-2] INFO  c.u.m.controller.UserController - Method: getUserProfileHandler - Args: [Bearer eyJhbGciOiJIUzM4NCJ9.eyJpYXQiOjE3NDYyNjE5NzMsImV4cCI6MTc0NjM0ODM3MywiZW1haWwiOiJ0ZXN0YWRtaW4yQGV4YW1wbGUuY29tIiwiYXV0aG9yaXRpZXMiOiJST0xFX0FETUlOIn0.Zxww-3ne5F_iJ_A5d3TqLPWtzaOAf0UsKIAFhIno2LNiLfbIzDyrI3xjIwiga_zn]
2025-05-03 14:36:13.486 [http-nio-5001-exec-2] DEBUG c.u.m.controller.UserController - Method getUserProfileHandler executed in 5 ms
2025-05-03 14:36:17.823 [http-nio-5001-exec-3] INFO  c.u.m.controller.UserController - Method: getUserProfileHandler - Args: [Bearer eyJhbGciOiJIUzM4NCJ9.eyJpYXQiOjE3NDYyNjE5NzMsImV4cCI6MTc0NjM0ODM3MywiZW1haWwiOiJ0ZXN0YWRtaW4yQGV4YW1wbGUuY29tIiwiYXV0aG9yaXRpZXMiOiJST0xFX0FETUlOIn0.Zxww-3ne5F_iJ_A5d3TqLPWtzaOAf0UsKIAFhIno2LNiLfbIzDyrI3xjIwiga_zn]
2025-05-03 14:36:17.830 [http-nio-5001-exec-3] DEBUG c.u.m.controller.UserController - Method getUserProfileHandler executed in 7 ms
2025-05-03 14:36:17.843 [http-nio-5001-exec-4] INFO  c.u.m.controller.UserController - Method: getUserProfileHandler - Args: [Bearer eyJhbGciOiJIUzM4NCJ9.eyJpYXQiOjE3NDYyNjE5NzMsImV4cCI6MTc0NjM0ODM3MywiZW1haWwiOiJ0ZXN0YWRtaW4yQGV4YW1wbGUuY29tIiwiYXV0aG9yaXRpZXMiOiJST0xFX0FETUlOIn0.Zxww-3ne5F_iJ_A5d3TqLPWtzaOAf0UsKIAFhIno2LNiLfbIzDyrI3xjIwiga_zn]
2025-05-03 14:36:17.848 [http-nio-5001-exec-4] DEBUG c.u.m.controller.UserController - Method getUserProfileHandler executed in 5 ms
2025-05-03 14:36:18.064 [http-nio-5001-exec-5] INFO  c.u.m.controller.UserController - Method: findAllUsers - Args: [Bearer eyJhbGciOiJIUzM4NCJ9.eyJpYXQiOjE3NDYyNjE5NzMsImV4cCI6MTc0NjM0ODM3MywiZW1haWwiOiJ0ZXN0YWRtaW4yQGV4YW1wbGUuY29tIiwiYXV0aG9yaXRpZXMiOiJST0xFX0FETUlOIn0.Zxww-3ne5F_iJ_A5d3TqLPWtzaOAf0UsKIAFhIno2LNiLfbIzDyrI3xjIwiga_zn]
2025-05-03 14:36:18.073 [http-nio-5001-exec-5] DEBUG c.u.m.controller.UserController - Method findAllUsers executed in 9 ms
2025-05-03 14:36:18.087 [http-nio-5001-exec-6] INFO  c.u.m.controller.UserController - Method: findAllUsers - Args: [Bearer eyJhbGciOiJIUzM4NCJ9.eyJpYXQiOjE3NDYyNjE5NzMsImV4cCI6MTc0NjM0ODM3MywiZW1haWwiOiJ0ZXN0YWRtaW4yQGV4YW1wbGUuY29tIiwiYXV0aG9yaXRpZXMiOiJST0xFX0FETUlOIn0.Zxww-3ne5F_iJ_A5d3TqLPWtzaOAf0UsKIAFhIno2LNiLfbIzDyrI3xjIwiga_zn]
2025-05-03 14:36:18.098 [http-nio-5001-exec-6] DEBUG c.u.m.controller.UserController - Method findAllUsers executed in 11 ms
2025-05-03 14:36:18.110 [http-nio-5001-exec-7] INFO  c.u.m.controller.UserController - Method: findAllUsers - Args: [Bearer eyJhbGciOiJIUzM4NCJ9.eyJpYXQiOjE3NDYyNjE5NzMsImV4cCI6MTc0NjM0ODM3MywiZW1haWwiOiJ0ZXN0YWRtaW4yQGV4YW1wbGUuY29tIiwiYXV0aG9yaXRpZXMiOiJST0xFX0FETUlOIn0.Zxww-3ne5F_iJ_A5d3TqLPWtzaOAf0UsKIAFhIno2LNiLfbIzDyrI3xjIwiga_zn]
2025-05-03 14:36:18.119 [http-nio-5001-exec-7] DEBUG c.u.m.controller.UserController - Method findAllUsers executed in 9 ms
2025-05-03 14:36:18.130 [http-nio-5001-exec-8] INFO  c.u.m.controller.UserController - Method: findAllUsers - Args: [Bearer eyJhbGciOiJIUzM4NCJ9.eyJpYXQiOjE3NDYyNjE5NzMsImV4cCI6MTc0NjM0ODM3MywiZW1haWwiOiJ0ZXN0YWRtaW4yQGV4YW1wbGUuY29tIiwiYXV0aG9yaXRpZXMiOiJST0xFX0FETUlOIn0.Zxww-3ne5F_iJ_A5d3TqLPWtzaOAf0UsKIAFhIno2LNiLfbIzDyrI3xjIwiga_zn]
2025-05-03 14:36:18.137 [http-nio-5001-exec-8] DEBUG c.u.m.controller.UserController - Method findAllUsers executed in 7 ms
2025-05-03 14:36:20.569 [http-nio-5001-exec-9] INFO  c.u.m.controller.UserController - Method: findAllUsers - Args: [Bearer eyJhbGciOiJIUzM4NCJ9.eyJpYXQiOjE3NDYyNjE5NzMsImV4cCI6MTc0NjM0ODM3MywiZW1haWwiOiJ0ZXN0YWRtaW4yQGV4YW1wbGUuY29tIiwiYXV0aG9yaXRpZXMiOiJST0xFX0FETUlOIn0.Zxww-3ne5F_iJ_A5d3TqLPWtzaOAf0UsKIAFhIno2LNiLfbIzDyrI3xjIwiga_zn]
2025-05-03 14:36:20.577 [http-nio-5001-exec-9] DEBUG c.u.m.controller.UserController - Method findAllUsers executed in 8 ms
2025-05-03 14:36:20.587 [http-nio-5001-exec-10] INFO  c.u.m.controller.UserController - Method: findAllUsers - Args: [Bearer eyJhbGciOiJIUzM4NCJ9.eyJpYXQiOjE3NDYyNjE5NzMsImV4cCI6MTc0NjM0ODM3MywiZW1haWwiOiJ0ZXN0YWRtaW4yQGV4YW1wbGUuY29tIiwiYXV0aG9yaXRpZXMiOiJST0xFX0FETUlOIn0.Zxww-3ne5F_iJ_A5d3TqLPWtzaOAf0UsKIAFhIno2LNiLfbIzDyrI3xjIwiga_zn]
2025-05-03 14:36:20.596 [http-nio-5001-exec-10] DEBUG c.u.m.controller.UserController - Method findAllUsers executed in 9 ms
2025-05-03 14:36:20.606 [http-nio-5001-exec-1] INFO  c.u.m.controller.UserController - Method: findAllUsers - Args: [Bearer eyJhbGciOiJIUzM4NCJ9.eyJpYXQiOjE3NDYyNjE5NzMsImV4cCI6MTc0NjM0ODM3MywiZW1haWwiOiJ0ZXN0YWRtaW4yQGV4YW1wbGUuY29tIiwiYXV0aG9yaXRpZXMiOiJST0xFX0FETUlOIn0.Zxww-3ne5F_iJ_A5d3TqLPWtzaOAf0UsKIAFhIno2LNiLfbIzDyrI3xjIwiga_zn]
2025-05-03 14:36:20.616 [http-nio-5001-exec-1] DEBUG c.u.m.controller.UserController - Method findAllUsers executed in 10 ms
2025-05-03 14:36:20.626 [http-nio-5001-exec-2] INFO  c.u.m.controller.UserController - Method: findAllUsers - Args: [Bearer eyJhbGciOiJIUzM4NCJ9.eyJpYXQiOjE3NDYyNjE5NzMsImV4cCI6MTc0NjM0ODM3MywiZW1haWwiOiJ0ZXN0YWRtaW4yQGV4YW1wbGUuY29tIiwiYXV0aG9yaXRpZXMiOiJST0xFX0FETUlOIn0.Zxww-3ne5F_iJ_A5d3TqLPWtzaOAf0UsKIAFhIno2LNiLfbIzDyrI3xjIwiga_zn]
2025-05-03 14:36:20.632 [http-nio-5001-exec-2] DEBUG c.u.m.controller.UserController - Method findAllUsers executed in 6 ms
2025-05-03 14:37:09.819 [http-nio-5001-exec-3] INFO  c.u.m.controller.UserController - Method: getUserProfileHandler - Args: [Bearer eyJhbGciOiJIUzM4NCJ9.eyJpYXQiOjE3NDYyNjE5NzMsImV4cCI6MTc0NjM0ODM3MywiZW1haWwiOiJ0ZXN0YWRtaW4yQGV4YW1wbGUuY29tIiwiYXV0aG9yaXRpZXMiOiJST0xFX0FETUlOIn0.Zxww-3ne5F_iJ_A5d3TqLPWtzaOAf0UsKIAFhIno2LNiLfbIzDyrI3xjIwiga_zn]
2025-05-03 14:37:09.824 [http-nio-5001-exec-3] DEBUG c.u.m.controller.UserController - Method getUserProfileHandler executed in 5 ms
2025-05-03 14:37:21.228 [http-nio-5001-exec-5] INFO  c.u.m.controller.UserController - Method: findAllUsers - Args: [Bearer eyJhbGciOiJIUzM4NCJ9.eyJpYXQiOjE3NDYyNjE5NzMsImV4cCI6MTc0NjM0ODM3MywiZW1haWwiOiJ0ZXN0YWRtaW4yQGV4YW1wbGUuY29tIiwiYXV0aG9yaXRpZXMiOiJST0xFX0FETUlOIn0.Zxww-3ne5F_iJ_A5d3TqLPWtzaOAf0UsKIAFhIno2LNiLfbIzDyrI3xjIwiga_zn]
2025-05-03 14:37:21.237 [http-nio-5001-exec-5] DEBUG c.u.m.controller.UserController - Method findAllUsers executed in 9 ms
2025-05-03 14:37:21.252 [http-nio-5001-exec-6] INFO  c.u.m.controller.UserController - Method: findAllUsers - Args: [Bearer eyJhbGciOiJIUzM4NCJ9.eyJpYXQiOjE3NDYyNjE5NzMsImV4cCI6MTc0NjM0ODM3MywiZW1haWwiOiJ0ZXN0YWRtaW4yQGV4YW1wbGUuY29tIiwiYXV0aG9yaXRpZXMiOiJST0xFX0FETUlOIn0.Zxww-3ne5F_iJ_A5d3TqLPWtzaOAf0UsKIAFhIno2LNiLfbIzDyrI3xjIwiga_zn]
2025-05-03 14:37:21.261 [http-nio-5001-exec-6] DEBUG c.u.m.controller.UserController - Method findAllUsers executed in 9 ms
2025-05-03 14:37:21.271 [http-nio-5001-exec-7] INFO  c.u.m.controller.UserController - Method: findAllUsers - Args: [Bearer eyJhbGciOiJIUzM4NCJ9.eyJpYXQiOjE3NDYyNjE5NzMsImV4cCI6MTc0NjM0ODM3MywiZW1haWwiOiJ0ZXN0YWRtaW4yQGV4YW1wbGUuY29tIiwiYXV0aG9yaXRpZXMiOiJST0xFX0FETUlOIn0.Zxww-3ne5F_iJ_A5d3TqLPWtzaOAf0UsKIAFhIno2LNiLfbIzDyrI3xjIwiga_zn]
2025-05-03 14:37:21.279 [http-nio-5001-exec-7] DEBUG c.u.m.controller.UserController - Method findAllUsers executed in 8 ms
2025-05-03 14:37:21.286 [http-nio-5001-exec-8] INFO  c.u.m.controller.UserController - Method: findAllUsers - Args: [Bearer eyJhbGciOiJIUzM4NCJ9.eyJpYXQiOjE3NDYyNjE5NzMsImV4cCI6MTc0NjM0ODM3MywiZW1haWwiOiJ0ZXN0YWRtaW4yQGV4YW1wbGUuY29tIiwiYXV0aG9yaXRpZXMiOiJST0xFX0FETUlOIn0.Zxww-3ne5F_iJ_A5d3TqLPWtzaOAf0UsKIAFhIno2LNiLfbIzDyrI3xjIwiga_zn]
2025-05-03 14:37:21.292 [http-nio-5001-exec-8] DEBUG c.u.m.controller.UserController - Method findAllUsers executed in 6 ms
2025-05-03 14:37:58.284 [http-nio-5001-exec-9] INFO  c.u.m.controller.AuthController - Method: signin - Args: [com.user.management.request.LoginRequest@7a194268]
2025-05-03 14:37:58.371 [http-nio-5001-exec-9] DEBUG c.u.m.controller.AuthController - Method signin executed in 87 ms
2025-05-03 14:37:58.409 [http-nio-5001-exec-10] INFO  c.u.m.controller.UserController - Method: getUserProfileHandler - Args: [Bearer eyJhbGciOiJIUzM4NCJ9.eyJpYXQiOjE3NDYyNjMyNzgsImV4cCI6MTc0NjM0OTY3OCwiZW1haWwiOiJ0ZXN0dXNlcjFAZXhhbXBsZS5jb20iLCJhdXRob3JpdGllcyI6IlJPTEVfQ1VTVE9NRVIifQ.Szg8ebSeKL3r_4siVk4AxNbxcLyyPFo3YShEl_N1JeaDEp3kkVgP4I0m8O6t-olr]
2025-05-03 14:37:58.417 [http-nio-5001-exec-10] DEBUG c.u.m.controller.UserController - Method getUserProfileHandler executed in 8 ms
2025-05-03 14:37:58.555 [http-nio-5001-exec-3] INFO  c.u.m.controller.UserController - Method: getUserProfileHandler - Args: [Bearer eyJhbGciOiJIUzM4NCJ9.eyJpYXQiOjE3NDYyNjMyNzgsImV4cCI6MTc0NjM0OTY3OCwiZW1haWwiOiJ0ZXN0dXNlcjFAZXhhbXBsZS5jb20iLCJhdXRob3JpdGllcyI6IlJPTEVfQ1VTVE9NRVIifQ.Szg8ebSeKL3r_4siVk4AxNbxcLyyPFo3YShEl_N1JeaDEp3kkVgP4I0m8O6t-olr]
2025-05-03 14:37:58.564 [http-nio-5001-exec-3] DEBUG c.u.m.controller.UserController - Method getUserProfileHandler executed in 9 ms
2025-05-03 14:37:58.608 [http-nio-5001-exec-6] INFO  c.u.m.controller.UserController - Method: getUserProfileHandler - Args: [Bearer eyJhbGciOiJIUzM4NCJ9.eyJpYXQiOjE3NDYyNjMyNzgsImV4cCI6MTc0NjM0OTY3OCwiZW1haWwiOiJ0ZXN0dXNlcjFAZXhhbXBsZS5jb20iLCJhdXRob3JpdGllcyI6IlJPTEVfQ1VTVE9NRVIifQ.Szg8ebSeKL3r_4siVk4AxNbxcLyyPFo3YShEl_N1JeaDEp3kkVgP4I0m8O6t-olr]
2025-05-03 14:37:58.614 [http-nio-5001-exec-6] DEBUG c.u.m.controller.UserController - Method getUserProfileHandler executed in 6 ms
2025-05-03 14:38:31.605 [http-nio-5001-exec-7] INFO  c.u.m.controller.UserController - Method: getUserProfileHandler - Args: [Bearer eyJhbGciOiJIUzM4NCJ9.eyJpYXQiOjE3NDYyNjMyNzgsImV4cCI6MTc0NjM0OTY3OCwiZW1haWwiOiJ0ZXN0dXNlcjFAZXhhbXBsZS5jb20iLCJhdXRob3JpdGllcyI6IlJPTEVfQ1VTVE9NRVIifQ.Szg8ebSeKL3r_4siVk4AxNbxcLyyPFo3YShEl_N1JeaDEp3kkVgP4I0m8O6t-olr]
2025-05-03 14:38:31.610 [http-nio-5001-exec-7] DEBUG c.u.m.controller.UserController - Method getUserProfileHandler executed in 5 ms
2025-05-03 14:38:39.041 [http-nio-5001-exec-8] INFO  c.u.m.controller.UserController - Method: getUserProfileHandler - Args: [Bearer eyJhbGciOiJIUzM4NCJ9.eyJpYXQiOjE3NDYyNjMyNzgsImV4cCI6MTc0NjM0OTY3OCwiZW1haWwiOiJ0ZXN0dXNlcjFAZXhhbXBsZS5jb20iLCJhdXRob3JpdGllcyI6IlJPTEVfQ1VTVE9NRVIifQ.Szg8ebSeKL3r_4siVk4AxNbxcLyyPFo3YShEl_N1JeaDEp3kkVgP4I0m8O6t-olr]
2025-05-03 14:38:39.052 [http-nio-5001-exec-8] DEBUG c.u.m.controller.UserController - Method getUserProfileHandler executed in 11 ms
2025-05-03 14:38:40.114 [http-nio-5001-exec-9] INFO  c.u.m.controller.UserController - Method: getUserProfileHandler - Args: [Bearer eyJhbGciOiJIUzM4NCJ9.eyJpYXQiOjE3NDYyNjMyNzgsImV4cCI6MTc0NjM0OTY3OCwiZW1haWwiOiJ0ZXN0dXNlcjFAZXhhbXBsZS5jb20iLCJhdXRob3JpdGllcyI6IlJPTEVfQ1VTVE9NRVIifQ.Szg8ebSeKL3r_4siVk4AxNbxcLyyPFo3YShEl_N1JeaDEp3kkVgP4I0m8O6t-olr]
2025-05-03 14:38:40.123 [http-nio-5001-exec-9] DEBUG c.u.m.controller.UserController - Method getUserProfileHandler executed in 9 ms
2025-05-03 14:38:42.789 [http-nio-5001-exec-4] INFO  c.u.m.controller.UserController - Method: getUserProfileHandler - Args: [Bearer eyJhbGciOiJIUzM4NCJ9.eyJpYXQiOjE3NDYyNjMyNzgsImV4cCI6MTc0NjM0OTY3OCwiZW1haWwiOiJ0ZXN0dXNlcjFAZXhhbXBsZS5jb20iLCJhdXRob3JpdGllcyI6IlJPTEVfQ1VTVE9NRVIifQ.Szg8ebSeKL3r_4siVk4AxNbxcLyyPFo3YShEl_N1JeaDEp3kkVgP4I0m8O6t-olr]
2025-05-03 14:38:42.796 [http-nio-5001-exec-4] DEBUG c.u.m.controller.UserController - Method getUserProfileHandler executed in 7 ms
2025-05-03 14:38:57.128 [http-nio-5001-exec-5] INFO  c.u.m.controller.AuthController - Method: signin - Args: [com.user.management.request.LoginRequest@1e96d817]
2025-05-03 14:38:57.198 [http-nio-5001-exec-5] DEBUG c.u.m.controller.AuthController - Method signin executed in 70 ms
2025-05-03 14:38:57.228 [http-nio-5001-exec-6] INFO  c.u.m.controller.UserController - Method: getUserProfileHandler - Args: [Bearer eyJhbGciOiJIUzM4NCJ9.eyJpYXQiOjE3NDYyNjMzMzcsImV4cCI6MTc0NjM0OTczNywiZW1haWwiOiJ0ZXN0YWRtaW4yQGV4YW1wbGUuY29tIiwiYXV0aG9yaXRpZXMiOiJST0xFX0FETUlOIn0.yOVivqlOHpSlr4nJRBScvvvqfgW1mPz9I3yzI5f1Wn4P7_aspl8WkxdUPHoZPI4i]
2025-05-03 14:38:57.233 [http-nio-5001-exec-6] DEBUG c.u.m.controller.UserController - Method getUserProfileHandler executed in 5 ms
2025-05-03 14:38:59.771 [http-nio-5001-exec-7] INFO  c.u.m.controller.UserController - Method: findAllUsers - Args: [Bearer eyJhbGciOiJIUzM4NCJ9.eyJpYXQiOjE3NDYyNjMzMzcsImV4cCI6MTc0NjM0OTczNywiZW1haWwiOiJ0ZXN0YWRtaW4yQGV4YW1wbGUuY29tIiwiYXV0aG9yaXRpZXMiOiJST0xFX0FETUlOIn0.yOVivqlOHpSlr4nJRBScvvvqfgW1mPz9I3yzI5f1Wn4P7_aspl8WkxdUPHoZPI4i]
2025-05-03 14:38:59.780 [http-nio-5001-exec-7] DEBUG c.u.m.controller.UserController - Method findAllUsers executed in 9 ms
2025-05-03 14:38:59.791 [http-nio-5001-exec-8] INFO  c.u.m.controller.UserController - Method: findAllUsers - Args: [Bearer eyJhbGciOiJIUzM4NCJ9.eyJpYXQiOjE3NDYyNjMzMzcsImV4cCI6MTc0NjM0OTczNywiZW1haWwiOiJ0ZXN0YWRtaW4yQGV4YW1wbGUuY29tIiwiYXV0aG9yaXRpZXMiOiJST0xFX0FETUlOIn0.yOVivqlOHpSlr4nJRBScvvvqfgW1mPz9I3yzI5f1Wn4P7_aspl8WkxdUPHoZPI4i]
2025-05-03 14:38:59.801 [http-nio-5001-exec-8] DEBUG c.u.m.controller.UserController - Method findAllUsers executed in 10 ms
2025-05-03 14:38:59.812 [http-nio-5001-exec-9] INFO  c.u.m.controller.UserController - Method: findAllUsers - Args: [Bearer eyJhbGciOiJIUzM4NCJ9.eyJpYXQiOjE3NDYyNjMzMzcsImV4cCI6MTc0NjM0OTczNywiZW1haWwiOiJ0ZXN0YWRtaW4yQGV4YW1wbGUuY29tIiwiYXV0aG9yaXRpZXMiOiJST0xFX0FETUlOIn0.yOVivqlOHpSlr4nJRBScvvvqfgW1mPz9I3yzI5f1Wn4P7_aspl8WkxdUPHoZPI4i]
2025-05-03 14:38:59.818 [http-nio-5001-exec-9] DEBUG c.u.m.controller.UserController - Method findAllUsers executed in 6 ms
2025-05-03 14:38:59.827 [http-nio-5001-exec-10] INFO  c.u.m.controller.UserController - Method: findAllUsers - Args: [Bearer eyJhbGciOiJIUzM4NCJ9.eyJpYXQiOjE3NDYyNjMzMzcsImV4cCI6MTc0NjM0OTczNywiZW1haWwiOiJ0ZXN0YWRtaW4yQGV4YW1wbGUuY29tIiwiYXV0aG9yaXRpZXMiOiJST0xFX0FETUlOIn0.yOVivqlOHpSlr4nJRBScvvvqfgW1mPz9I3yzI5f1Wn4P7_aspl8WkxdUPHoZPI4i]
2025-05-03 14:38:59.833 [http-nio-5001-exec-10] DEBUG c.u.m.controller.UserController - Method findAllUsers executed in 6 ms
2025-05-03 14:39:04.126 [http-nio-5001-exec-1] INFO  c.u.m.controller.UserController - Method: findAllUsers - Args: [Bearer eyJhbGciOiJIUzM4NCJ9.eyJpYXQiOjE3NDYyNjMzMzcsImV4cCI6MTc0NjM0OTczNywiZW1haWwiOiJ0ZXN0YWRtaW4yQGV4YW1wbGUuY29tIiwiYXV0aG9yaXRpZXMiOiJST0xFX0FETUlOIn0.yOVivqlOHpSlr4nJRBScvvvqfgW1mPz9I3yzI5f1Wn4P7_aspl8WkxdUPHoZPI4i]
2025-05-03 14:39:04.133 [http-nio-5001-exec-1] DEBUG c.u.m.controller.UserController - Method findAllUsers executed in 7 ms
2025-05-03 14:39:04.143 [http-nio-5001-exec-2] INFO  c.u.m.controller.UserController - Method: findAllUsers - Args: [Bearer eyJhbGciOiJIUzM4NCJ9.eyJpYXQiOjE3NDYyNjMzMzcsImV4cCI6MTc0NjM0OTczNywiZW1haWwiOiJ0ZXN0YWRtaW4yQGV4YW1wbGUuY29tIiwiYXV0aG9yaXRpZXMiOiJST0xFX0FETUlOIn0.yOVivqlOHpSlr4nJRBScvvvqfgW1mPz9I3yzI5f1Wn4P7_aspl8WkxdUPHoZPI4i]
2025-05-03 14:39:04.151 [http-nio-5001-exec-2] DEBUG c.u.m.controller.UserController - Method findAllUsers executed in 8 ms
2025-05-03 14:39:04.161 [http-nio-5001-exec-3] INFO  c.u.m.controller.UserController - Method: findAllUsers - Args: [Bearer eyJhbGciOiJIUzM4NCJ9.eyJpYXQiOjE3NDYyNjMzMzcsImV4cCI6MTc0NjM0OTczNywiZW1haWwiOiJ0ZXN0YWRtaW4yQGV4YW1wbGUuY29tIiwiYXV0aG9yaXRpZXMiOiJST0xFX0FETUlOIn0.yOVivqlOHpSlr4nJRBScvvvqfgW1mPz9I3yzI5f1Wn4P7_aspl8WkxdUPHoZPI4i]
2025-05-03 14:39:04.166 [http-nio-5001-exec-3] DEBUG c.u.m.controller.UserController - Method findAllUsers executed in 5 ms
2025-05-03 14:39:04.174 [http-nio-5001-exec-4] INFO  c.u.m.controller.UserController - Method: findAllUsers - Args: [Bearer eyJhbGciOiJIUzM4NCJ9.eyJpYXQiOjE3NDYyNjMzMzcsImV4cCI6MTc0NjM0OTczNywiZW1haWwiOiJ0ZXN0YWRtaW4yQGV4YW1wbGUuY29tIiwiYXV0aG9yaXRpZXMiOiJST0xFX0FETUlOIn0.yOVivqlOHpSlr4nJRBScvvvqfgW1mPz9I3yzI5f1Wn4P7_aspl8WkxdUPHoZPI4i]
2025-05-03 14:39:04.181 [http-nio-5001-exec-4] DEBUG c.u.m.controller.UserController - Method findAllUsers executed in 7 ms
2025-05-03 14:44:15.907 [http-nio-5001-exec-8] INFO  c.u.m.controller.UserController - Method: getUserProfileHandler - Args: [Bearer eyJhbGciOiJIUzM4NCJ9.eyJpYXQiOjE3NDYyNjMzMzcsImV4cCI6MTc0NjM0OTczNywiZW1haWwiOiJ0ZXN0YWRtaW4yQGV4YW1wbGUuY29tIiwiYXV0aG9yaXRpZXMiOiJST0xFX0FETUlOIn0.yOVivqlOHpSlr4nJRBScvvvqfgW1mPz9I3yzI5f1Wn4P7_aspl8WkxdUPHoZPI4i]
2025-05-03 14:44:15.915 [http-nio-5001-exec-8] DEBUG c.u.m.controller.UserController - Method getUserProfileHandler executed in 8 ms
2025-05-03 14:44:15.927 [http-nio-5001-exec-9] INFO  c.u.m.controller.UserController - Method: getUserProfileHandler - Args: [Bearer eyJhbGciOiJIUzM4NCJ9.eyJpYXQiOjE3NDYyNjMzMzcsImV4cCI6MTc0NjM0OTczNywiZW1haWwiOiJ0ZXN0YWRtaW4yQGV4YW1wbGUuY29tIiwiYXV0aG9yaXRpZXMiOiJST0xFX0FETUlOIn0.yOVivqlOHpSlr4nJRBScvvvqfgW1mPz9I3yzI5f1Wn4P7_aspl8WkxdUPHoZPI4i]
2025-05-03 14:44:15.934 [http-nio-5001-exec-9] DEBUG c.u.m.controller.UserController - Method getUserProfileHandler executed in 7 ms
2025-05-03 14:44:16.649 [http-nio-5001-exec-10] INFO  c.u.m.controller.UserController - Method: findAllUsers - Args: [Bearer eyJhbGciOiJIUzM4NCJ9.eyJpYXQiOjE3NDYyNjMzMzcsImV4cCI6MTc0NjM0OTczNywiZW1haWwiOiJ0ZXN0YWRtaW4yQGV4YW1wbGUuY29tIiwiYXV0aG9yaXRpZXMiOiJST0xFX0FETUlOIn0.yOVivqlOHpSlr4nJRBScvvvqfgW1mPz9I3yzI5f1Wn4P7_aspl8WkxdUPHoZPI4i]
2025-05-03 14:44:16.661 [http-nio-5001-exec-10] DEBUG c.u.m.controller.UserController - Method findAllUsers executed in 12 ms
2025-05-03 14:44:16.677 [http-nio-5001-exec-1] INFO  c.u.m.controller.UserController - Method: findAllUsers - Args: [Bearer eyJhbGciOiJIUzM4NCJ9.eyJpYXQiOjE3NDYyNjMzMzcsImV4cCI6MTc0NjM0OTczNywiZW1haWwiOiJ0ZXN0YWRtaW4yQGV4YW1wbGUuY29tIiwiYXV0aG9yaXRpZXMiOiJST0xFX0FETUlOIn0.yOVivqlOHpSlr4nJRBScvvvqfgW1mPz9I3yzI5f1Wn4P7_aspl8WkxdUPHoZPI4i]
2025-05-03 14:44:16.687 [http-nio-5001-exec-1] DEBUG c.u.m.controller.UserController - Method findAllUsers executed in 10 ms
2025-05-03 14:44:16.701 [http-nio-5001-exec-2] INFO  c.u.m.controller.UserController - Method: findAllUsers - Args: [Bearer eyJhbGciOiJIUzM4NCJ9.eyJpYXQiOjE3NDYyNjMzMzcsImV4cCI6MTc0NjM0OTczNywiZW1haWwiOiJ0ZXN0YWRtaW4yQGV4YW1wbGUuY29tIiwiYXV0aG9yaXRpZXMiOiJST0xFX0FETUlOIn0.yOVivqlOHpSlr4nJRBScvvvqfgW1mPz9I3yzI5f1Wn4P7_aspl8WkxdUPHoZPI4i]
2025-05-03 14:44:16.711 [http-nio-5001-exec-2] DEBUG c.u.m.controller.UserController - Method findAllUsers executed in 10 ms
2025-05-03 14:44:16.725 [http-nio-5001-exec-3] INFO  c.u.m.controller.UserController - Method: findAllUsers - Args: [Bearer eyJhbGciOiJIUzM4NCJ9.eyJpYXQiOjE3NDYyNjMzMzcsImV4cCI6MTc0NjM0OTczNywiZW1haWwiOiJ0ZXN0YWRtaW4yQGV4YW1wbGUuY29tIiwiYXV0aG9yaXRpZXMiOiJST0xFX0FETUlOIn0.yOVivqlOHpSlr4nJRBScvvvqfgW1mPz9I3yzI5f1Wn4P7_aspl8WkxdUPHoZPI4i]
2025-05-03 14:44:16.733 [http-nio-5001-exec-3] DEBUG c.u.m.controller.UserController - Method findAllUsers executed in 8 ms
2025-05-03 14:44:21.943 [http-nio-5001-exec-4] INFO  c.u.m.controller.UserController - Method: getUserProfileHandler - Args: [Bearer eyJhbGciOiJIUzM4NCJ9.eyJpYXQiOjE3NDYyNjMzMzcsImV4cCI6MTc0NjM0OTczNywiZW1haWwiOiJ0ZXN0YWRtaW4yQGV4YW1wbGUuY29tIiwiYXV0aG9yaXRpZXMiOiJST0xFX0FETUlOIn0.yOVivqlOHpSlr4nJRBScvvvqfgW1mPz9I3yzI5f1Wn4P7_aspl8WkxdUPHoZPI4i]
2025-05-03 14:44:21.949 [http-nio-5001-exec-4] DEBUG c.u.m.controller.UserController - Method getUserProfileHandler executed in 6 ms
2025-05-03 14:44:21.959 [http-nio-5001-exec-5] INFO  c.u.m.controller.UserController - Method: getUserProfileHandler - Args: [Bearer eyJhbGciOiJIUzM4NCJ9.eyJpYXQiOjE3NDYyNjMzMzcsImV4cCI6MTc0NjM0OTczNywiZW1haWwiOiJ0ZXN0YWRtaW4yQGV4YW1wbGUuY29tIiwiYXV0aG9yaXRpZXMiOiJST0xFX0FETUlOIn0.yOVivqlOHpSlr4nJRBScvvvqfgW1mPz9I3yzI5f1Wn4P7_aspl8WkxdUPHoZPI4i]
2025-05-03 14:44:21.963 [http-nio-5001-exec-5] DEBUG c.u.m.controller.UserController - Method getUserProfileHandler executed in 4 ms
2025-05-03 14:44:22.246 [http-nio-5001-exec-6] INFO  c.u.m.controller.UserController - Method: findAllUsers - Args: [Bearer eyJhbGciOiJIUzM4NCJ9.eyJpYXQiOjE3NDYyNjMzMzcsImV4cCI6MTc0NjM0OTczNywiZW1haWwiOiJ0ZXN0YWRtaW4yQGV4YW1wbGUuY29tIiwiYXV0aG9yaXRpZXMiOiJST0xFX0FETUlOIn0.yOVivqlOHpSlr4nJRBScvvvqfgW1mPz9I3yzI5f1Wn4P7_aspl8WkxdUPHoZPI4i]
2025-05-03 14:44:22.254 [http-nio-5001-exec-6] DEBUG c.u.m.controller.UserController - Method findAllUsers executed in 8 ms
2025-05-03 14:44:22.269 [http-nio-5001-exec-7] INFO  c.u.m.controller.UserController - Method: findAllUsers - Args: [Bearer eyJhbGciOiJIUzM4NCJ9.eyJpYXQiOjE3NDYyNjMzMzcsImV4cCI6MTc0NjM0OTczNywiZW1haWwiOiJ0ZXN0YWRtaW4yQGV4YW1wbGUuY29tIiwiYXV0aG9yaXRpZXMiOiJST0xFX0FETUlOIn0.yOVivqlOHpSlr4nJRBScvvvqfgW1mPz9I3yzI5f1Wn4P7_aspl8WkxdUPHoZPI4i]
2025-05-03 14:44:22.278 [http-nio-5001-exec-7] DEBUG c.u.m.controller.UserController - Method findAllUsers executed in 9 ms
2025-05-03 14:44:22.290 [http-nio-5001-exec-8] INFO  c.u.m.controller.UserController - Method: findAllUsers - Args: [Bearer eyJhbGciOiJIUzM4NCJ9.eyJpYXQiOjE3NDYyNjMzMzcsImV4cCI6MTc0NjM0OTczNywiZW1haWwiOiJ0ZXN0YWRtaW4yQGV4YW1wbGUuY29tIiwiYXV0aG9yaXRpZXMiOiJST0xFX0FETUlOIn0.yOVivqlOHpSlr4nJRBScvvvqfgW1mPz9I3yzI5f1Wn4P7_aspl8WkxdUPHoZPI4i]
2025-05-03 14:44:22.296 [http-nio-5001-exec-8] DEBUG c.u.m.controller.UserController - Method findAllUsers executed in 6 ms
2025-05-03 14:44:22.310 [http-nio-5001-exec-9] INFO  c.u.m.controller.UserController - Method: findAllUsers - Args: [Bearer eyJhbGciOiJIUzM4NCJ9.eyJpYXQiOjE3NDYyNjMzMzcsImV4cCI6MTc0NjM0OTczNywiZW1haWwiOiJ0ZXN0YWRtaW4yQGV4YW1wbGUuY29tIiwiYXV0aG9yaXRpZXMiOiJST0xFX0FETUlOIn0.yOVivqlOHpSlr4nJRBScvvvqfgW1mPz9I3yzI5f1Wn4P7_aspl8WkxdUPHoZPI4i]
2025-05-03 14:44:22.321 [http-nio-5001-exec-9] DEBUG c.u.m.controller.UserController - Method findAllUsers executed in 11 ms
2025-05-03 14:46:02.558 [http-nio-5001-exec-1] INFO  c.u.m.controller.UserController - Method: getUserProfileHandler - Args: [Bearer eyJhbGciOiJIUzM4NCJ9.eyJpYXQiOjE3NDYyNjMzMzcsImV4cCI6MTc0NjM0OTczNywiZW1haWwiOiJ0ZXN0YWRtaW4yQGV4YW1wbGUuY29tIiwiYXV0aG9yaXRpZXMiOiJST0xFX0FETUlOIn0.yOVivqlOHpSlr4nJRBScvvvqfgW1mPz9I3yzI5f1Wn4P7_aspl8WkxdUPHoZPI4i]
2025-05-03 14:46:02.564 [http-nio-5001-exec-1] DEBUG c.u.m.controller.UserController - Method getUserProfileHandler executed in 6 ms
2025-05-03 14:46:02.683 [http-nio-5001-exec-2] INFO  c.u.m.controller.UserController - Method: findAllUsers - Args: [Bearer eyJhbGciOiJIUzM4NCJ9.eyJpYXQiOjE3NDYyNjMzMzcsImV4cCI6MTc0NjM0OTczNywiZW1haWwiOiJ0ZXN0YWRtaW4yQGV4YW1wbGUuY29tIiwiYXV0aG9yaXRpZXMiOiJST0xFX0FETUlOIn0.yOVivqlOHpSlr4nJRBScvvvqfgW1mPz9I3yzI5f1Wn4P7_aspl8WkxdUPHoZPI4i]
2025-05-03 14:46:02.690 [http-nio-5001-exec-2] DEBUG c.u.m.controller.UserController - Method findAllUsers executed in 7 ms
2025-05-03 14:46:02.702 [http-nio-5001-exec-3] INFO  c.u.m.controller.UserController - Method: findAllUsers - Args: [Bearer eyJhbGciOiJIUzM4NCJ9.eyJpYXQiOjE3NDYyNjMzMzcsImV4cCI6MTc0NjM0OTczNywiZW1haWwiOiJ0ZXN0YWRtaW4yQGV4YW1wbGUuY29tIiwiYXV0aG9yaXRpZXMiOiJST0xFX0FETUlOIn0.yOVivqlOHpSlr4nJRBScvvvqfgW1mPz9I3yzI5f1Wn4P7_aspl8WkxdUPHoZPI4i]
2025-05-03 14:46:02.711 [http-nio-5001-exec-3] DEBUG c.u.m.controller.UserController - Method findAllUsers executed in 9 ms
2025-05-03 14:46:08.108 [http-nio-5001-exec-4] INFO  c.u.m.controller.UserController - Method: getUserProfileHandler - Args: [Bearer eyJhbGciOiJIUzM4NCJ9.eyJpYXQiOjE3NDYyNjMzMzcsImV4cCI6MTc0NjM0OTczNywiZW1haWwiOiJ0ZXN0YWRtaW4yQGV4YW1wbGUuY29tIiwiYXV0aG9yaXRpZXMiOiJST0xFX0FETUlOIn0.yOVivqlOHpSlr4nJRBScvvvqfgW1mPz9I3yzI5f1Wn4P7_aspl8WkxdUPHoZPI4i]
2025-05-03 14:46:08.112 [http-nio-5001-exec-4] DEBUG c.u.m.controller.UserController - Method getUserProfileHandler executed in 4 ms
2025-05-03 14:46:45.854 [http-nio-5001-exec-5] INFO  c.u.m.controller.UserController - Method: findAllUsers - Args: [Bearer eyJhbGciOiJIUzM4NCJ9.eyJpYXQiOjE3NDYyNjMzMzcsImV4cCI6MTc0NjM0OTczNywiZW1haWwiOiJ0ZXN0YWRtaW4yQGV4YW1wbGUuY29tIiwiYXV0aG9yaXRpZXMiOiJST0xFX0FETUlOIn0.yOVivqlOHpSlr4nJRBScvvvqfgW1mPz9I3yzI5f1Wn4P7_aspl8WkxdUPHoZPI4i]
2025-05-03 14:46:45.863 [http-nio-5001-exec-5] DEBUG c.u.m.controller.UserController - Method findAllUsers executed in 9 ms
2025-05-03 14:46:45.873 [http-nio-5001-exec-6] INFO  c.u.m.controller.UserController - Method: findAllUsers - Args: [Bearer eyJhbGciOiJIUzM4NCJ9.eyJpYXQiOjE3NDYyNjMzMzcsImV4cCI6MTc0NjM0OTczNywiZW1haWwiOiJ0ZXN0YWRtaW4yQGV4YW1wbGUuY29tIiwiYXV0aG9yaXRpZXMiOiJST0xFX0FETUlOIn0.yOVivqlOHpSlr4nJRBScvvvqfgW1mPz9I3yzI5f1Wn4P7_aspl8WkxdUPHoZPI4i]
2025-05-03 14:46:45.880 [http-nio-5001-exec-6] DEBUG c.u.m.controller.UserController - Method findAllUsers executed in 7 ms
2025-05-03 14:46:54.466 [http-nio-5001-exec-7] INFO  c.u.m.controller.AuthController - Method: signin - Args: [com.user.management.request.LoginRequest@903fd06]
2025-05-03 14:46:54.688 [http-nio-5001-exec-7] DEBUG c.u.m.controller.AuthController - Method signin executed in 222 ms
2025-05-03 14:46:54.725 [http-nio-5001-exec-8] INFO  c.u.m.controller.UserController - Method: getUserProfileHandler - Args: [Bearer eyJhbGciOiJIUzM4NCJ9.eyJpYXQiOjE3NDYyNjM4MTQsImV4cCI6MTc0NjM1MDIxNCwiZW1haWwiOiJ0ZXN0dXNlcjFAZXhhbXBsZS5jb20iLCJhdXRob3JpdGllcyI6IlJPTEVfQ1VTVE9NRVIifQ.G_8Lf5iu1y1cRVfsvc5huLboJqwTHk2GxT32iU3qRvjiJKJ3XhIqRZT_wlXWI0CF]
2025-05-03 14:46:54.734 [http-nio-5001-exec-8] DEBUG c.u.m.controller.UserController - Method getUserProfileHandler executed in 9 ms
2025-05-03 14:46:54.849 [http-nio-5001-exec-10] INFO  c.u.m.controller.UserController - Method: getUserProfileHandler - Args: [Bearer eyJhbGciOiJIUzM4NCJ9.eyJpYXQiOjE3NDYyNjM4MTQsImV4cCI6MTc0NjM1MDIxNCwiZW1haWwiOiJ0ZXN0dXNlcjFAZXhhbXBsZS5jb20iLCJhdXRob3JpdGllcyI6IlJPTEVfQ1VTVE9NRVIifQ.G_8Lf5iu1y1cRVfsvc5huLboJqwTHk2GxT32iU3qRvjiJKJ3XhIqRZT_wlXWI0CF]
2025-05-03 14:46:54.861 [http-nio-5001-exec-10] DEBUG c.u.m.controller.UserController - Method getUserProfileHandler executed in 12 ms
2025-05-03 14:46:54.898 [http-nio-5001-exec-2] INFO  c.u.m.controller.UserController - Method: getUserProfileHandler - Args: [Bearer eyJhbGciOiJIUzM4NCJ9.eyJpYXQiOjE3NDYyNjM4MTQsImV4cCI6MTc0NjM1MDIxNCwiZW1haWwiOiJ0ZXN0dXNlcjFAZXhhbXBsZS5jb20iLCJhdXRob3JpdGllcyI6IlJPTEVfQ1VTVE9NRVIifQ.G_8Lf5iu1y1cRVfsvc5huLboJqwTHk2GxT32iU3qRvjiJKJ3XhIqRZT_wlXWI0CF]
2025-05-03 14:46:54.914 [http-nio-5001-exec-2] DEBUG c.u.m.controller.UserController - Method getUserProfileHandler executed in 18 ms
2025-05-03 14:47:11.049 [http-nio-5001-exec-3] INFO  c.u.m.controller.UserController - Method: getUserProfileHandler - Args: [Bearer eyJhbGciOiJIUzM4NCJ9.eyJpYXQiOjE3NDYyNjM4MTQsImV4cCI6MTc0NjM1MDIxNCwiZW1haWwiOiJ0ZXN0dXNlcjFAZXhhbXBsZS5jb20iLCJhdXRob3JpdGllcyI6IlJPTEVfQ1VTVE9NRVIifQ.G_8Lf5iu1y1cRVfsvc5huLboJqwTHk2GxT32iU3qRvjiJKJ3XhIqRZT_wlXWI0CF]
2025-05-03 14:47:11.059 [http-nio-5001-exec-3] DEBUG c.u.m.controller.UserController - Method getUserProfileHandler executed in 10 ms
2025-05-03 14:47:14.882 [http-nio-5001-exec-4] INFO  c.u.m.controller.UserController - Method: getUserProfileHandler - Args: [Bearer eyJhbGciOiJIUzM4NCJ9.eyJpYXQiOjE3NDYyNjM4MTQsImV4cCI6MTc0NjM1MDIxNCwiZW1haWwiOiJ0ZXN0dXNlcjFAZXhhbXBsZS5jb20iLCJhdXRob3JpdGllcyI6IlJPTEVfQ1VTVE9NRVIifQ.G_8Lf5iu1y1cRVfsvc5huLboJqwTHk2GxT32iU3qRvjiJKJ3XhIqRZT_wlXWI0CF]
2025-05-03 14:47:14.895 [http-nio-5001-exec-4] DEBUG c.u.m.controller.UserController - Method getUserProfileHandler executed in 13 ms
2025-05-03 14:47:17.896 [http-nio-5001-exec-5] INFO  c.u.m.controller.UserController - Method: getUserProfileHandler - Args: [Bearer eyJhbGciOiJIUzM4NCJ9.eyJpYXQiOjE3NDYyNjM4MTQsImV4cCI6MTc0NjM1MDIxNCwiZW1haWwiOiJ0ZXN0dXNlcjFAZXhhbXBsZS5jb20iLCJhdXRob3JpdGllcyI6IlJPTEVfQ1VTVE9NRVIifQ.G_8Lf5iu1y1cRVfsvc5huLboJqwTHk2GxT32iU3qRvjiJKJ3XhIqRZT_wlXWI0CF]
2025-05-03 14:47:17.908 [http-nio-5001-exec-5] DEBUG c.u.m.controller.UserController - Method getUserProfileHandler executed in 12 ms
2025-05-03 14:47:20.064 [http-nio-5001-exec-8] INFO  c.u.m.controller.UserController - Method: getUserProfileHandler - Args: [Bearer eyJhbGciOiJIUzM4NCJ9.eyJpYXQiOjE3NDYyNjM4MTQsImV4cCI6MTc0NjM1MDIxNCwiZW1haWwiOiJ0ZXN0dXNlcjFAZXhhbXBsZS5jb20iLCJhdXRob3JpdGllcyI6IlJPTEVfQ1VTVE9NRVIifQ.G_8Lf5iu1y1cRVfsvc5huLboJqwTHk2GxT32iU3qRvjiJKJ3XhIqRZT_wlXWI0CF]
2025-05-03 14:47:20.080 [http-nio-5001-exec-8] DEBUG c.u.m.controller.UserController - Method getUserProfileHandler executed in 18 ms
2025-05-03 14:47:41.911 [http-nio-5001-exec-9] INFO  c.u.m.controller.AuthController - Method: signin - Args: [com.user.management.request.LoginRequest@254ed870]
2025-05-03 14:47:41.995 [http-nio-5001-exec-9] DEBUG c.u.m.controller.AuthController - Method signin executed in 84 ms
2025-05-03 14:47:42.036 [http-nio-5001-exec-10] INFO  c.u.m.controller.UserController - Method: getUserProfileHandler - Args: [Bearer eyJhbGciOiJIUzM4NCJ9.eyJpYXQiOjE3NDYyNjM4NjEsImV4cCI6MTc0NjM1MDI2MSwiZW1haWwiOiJ0ZXN0YWRtaW4yQGV4YW1wbGUuY29tIiwiYXV0aG9yaXRpZXMiOiJST0xFX0FETUlOIn0.T9nSqmTNmuSNzkBups1SmHW0a1oeqejeKFFlzB4MdwBtL1F9RjZqNws-Kq1QRjau]
2025-05-03 14:47:42.040 [http-nio-5001-exec-10] DEBUG c.u.m.controller.UserController - Method getUserProfileHandler executed in 4 ms
2025-05-03 14:47:42.129 [http-nio-5001-exec-1] INFO  c.u.m.controller.UserController - Method: findAllUsers - Args: [Bearer eyJhbGciOiJIUzM4NCJ9.eyJpYXQiOjE3NDYyNjM4NjEsImV4cCI6MTc0NjM1MDI2MSwiZW1haWwiOiJ0ZXN0YWRtaW4yQGV4YW1wbGUuY29tIiwiYXV0aG9yaXRpZXMiOiJST0xFX0FETUlOIn0.T9nSqmTNmuSNzkBups1SmHW0a1oeqejeKFFlzB4MdwBtL1F9RjZqNws-Kq1QRjau]
2025-05-03 14:47:42.142 [http-nio-5001-exec-1] DEBUG c.u.m.controller.UserController - Method findAllUsers executed in 13 ms
2025-05-03 14:47:42.161 [http-nio-5001-exec-2] INFO  c.u.m.controller.UserController - Method: findAllUsers - Args: [Bearer eyJhbGciOiJIUzM4NCJ9.eyJpYXQiOjE3NDYyNjM4NjEsImV4cCI6MTc0NjM1MDI2MSwiZW1haWwiOiJ0ZXN0YWRtaW4yQGV4YW1wbGUuY29tIiwiYXV0aG9yaXRpZXMiOiJST0xFX0FETUlOIn0.T9nSqmTNmuSNzkBups1SmHW0a1oeqejeKFFlzB4MdwBtL1F9RjZqNws-Kq1QRjau]
2025-05-03 14:47:42.177 [http-nio-5001-exec-2] DEBUG c.u.m.controller.UserController - Method findAllUsers executed in 16 ms
2025-05-03 14:48:00.123 [http-nio-5001-exec-3] INFO  c.u.m.controller.UserController - Method: getUserProfileHandler - Args: [Bearer eyJhbGciOiJIUzM4NCJ9.eyJpYXQiOjE3NDYyNjM4NjEsImV4cCI6MTc0NjM1MDI2MSwiZW1haWwiOiJ0ZXN0YWRtaW4yQGV4YW1wbGUuY29tIiwiYXV0aG9yaXRpZXMiOiJST0xFX0FETUlOIn0.T9nSqmTNmuSNzkBups1SmHW0a1oeqejeKFFlzB4MdwBtL1F9RjZqNws-Kq1QRjau]
2025-05-03 14:48:00.128 [http-nio-5001-exec-3] DEBUG c.u.m.controller.UserController - Method getUserProfileHandler executed in 5 ms
2025-05-03 14:48:01.263 [http-nio-5001-exec-4] INFO  c.u.m.controller.UserController - Method: getUserProfileHandler - Args: [Bearer eyJhbGciOiJIUzM4NCJ9.eyJpYXQiOjE3NDYyNjM4NjEsImV4cCI6MTc0NjM1MDI2MSwiZW1haWwiOiJ0ZXN0YWRtaW4yQGV4YW1wbGUuY29tIiwiYXV0aG9yaXRpZXMiOiJST0xFX0FETUlOIn0.T9nSqmTNmuSNzkBups1SmHW0a1oeqejeKFFlzB4MdwBtL1F9RjZqNws-Kq1QRjau]
2025-05-03 14:48:01.269 [http-nio-5001-exec-4] DEBUG c.u.m.controller.UserController - Method getUserProfileHandler executed in 6 ms
2025-05-03 14:48:01.449 [http-nio-5001-exec-5] INFO  c.u.m.controller.UserController - Method: getUserProfileHandler - Args: [Bearer eyJhbGciOiJIUzM4NCJ9.eyJpYXQiOjE3NDYyNjM4NjEsImV4cCI6MTc0NjM1MDI2MSwiZW1haWwiOiJ0ZXN0YWRtaW4yQGV4YW1wbGUuY29tIiwiYXV0aG9yaXRpZXMiOiJST0xFX0FETUlOIn0.T9nSqmTNmuSNzkBups1SmHW0a1oeqejeKFFlzB4MdwBtL1F9RjZqNws-Kq1QRjau]
2025-05-03 14:48:01.453 [http-nio-5001-exec-5] DEBUG c.u.m.controller.UserController - Method getUserProfileHandler executed in 4 ms
2025-05-03 14:48:01.606 [http-nio-5001-exec-6] INFO  c.u.m.controller.UserController - Method: getUserProfileHandler - Args: [Bearer eyJhbGciOiJIUzM4NCJ9.eyJpYXQiOjE3NDYyNjM4NjEsImV4cCI6MTc0NjM1MDI2MSwiZW1haWwiOiJ0ZXN0YWRtaW4yQGV4YW1wbGUuY29tIiwiYXV0aG9yaXRpZXMiOiJST0xFX0FETUlOIn0.T9nSqmTNmuSNzkBups1SmHW0a1oeqejeKFFlzB4MdwBtL1F9RjZqNws-Kq1QRjau]
2025-05-03 14:48:01.613 [http-nio-5001-exec-6] DEBUG c.u.m.controller.UserController - Method getUserProfileHandler executed in 7 ms
2025-05-03 14:48:01.775 [http-nio-5001-exec-7] INFO  c.u.m.controller.UserController - Method: getUserProfileHandler - Args: [Bearer eyJhbGciOiJIUzM4NCJ9.eyJpYXQiOjE3NDYyNjM4NjEsImV4cCI6MTc0NjM1MDI2MSwiZW1haWwiOiJ0ZXN0YWRtaW4yQGV4YW1wbGUuY29tIiwiYXV0aG9yaXRpZXMiOiJST0xFX0FETUlOIn0.T9nSqmTNmuSNzkBups1SmHW0a1oeqejeKFFlzB4MdwBtL1F9RjZqNws-Kq1QRjau]
2025-05-03 14:48:01.781 [http-nio-5001-exec-7] DEBUG c.u.m.controller.UserController - Method getUserProfileHandler executed in 6 ms
2025-05-03 14:48:01.937 [http-nio-5001-exec-8] INFO  c.u.m.controller.UserController - Method: getUserProfileHandler - Args: [Bearer eyJhbGciOiJIUzM4NCJ9.eyJpYXQiOjE3NDYyNjM4NjEsImV4cCI6MTc0NjM1MDI2MSwiZW1haWwiOiJ0ZXN0YWRtaW4yQGV4YW1wbGUuY29tIiwiYXV0aG9yaXRpZXMiOiJST0xFX0FETUlOIn0.T9nSqmTNmuSNzkBups1SmHW0a1oeqejeKFFlzB4MdwBtL1F9RjZqNws-Kq1QRjau]
2025-05-03 14:48:01.949 [http-nio-5001-exec-8] DEBUG c.u.m.controller.UserController - Method getUserProfileHandler executed in 12 ms
2025-05-03 14:48:05.143 [http-nio-5001-exec-9] INFO  c.u.m.controller.UserController - Method: findAllUsers - Args: [Bearer eyJhbGciOiJIUzM4NCJ9.eyJpYXQiOjE3NDYyNjM4NjEsImV4cCI6MTc0NjM1MDI2MSwiZW1haWwiOiJ0ZXN0YWRtaW4yQGV4YW1wbGUuY29tIiwiYXV0aG9yaXRpZXMiOiJST0xFX0FETUlOIn0.T9nSqmTNmuSNzkBups1SmHW0a1oeqejeKFFlzB4MdwBtL1F9RjZqNws-Kq1QRjau]
2025-05-03 14:48:05.152 [http-nio-5001-exec-9] DEBUG c.u.m.controller.UserController - Method findAllUsers executed in 9 ms
2025-05-03 14:48:05.166 [http-nio-5001-exec-10] INFO  c.u.m.controller.UserController - Method: findAllUsers - Args: [Bearer eyJhbGciOiJIUzM4NCJ9.eyJpYXQiOjE3NDYyNjM4NjEsImV4cCI6MTc0NjM1MDI2MSwiZW1haWwiOiJ0ZXN0YWRtaW4yQGV4YW1wbGUuY29tIiwiYXV0aG9yaXRpZXMiOiJST0xFX0FETUlOIn0.T9nSqmTNmuSNzkBups1SmHW0a1oeqejeKFFlzB4MdwBtL1F9RjZqNws-Kq1QRjau]
2025-05-03 14:48:05.174 [http-nio-5001-exec-10] DEBUG c.u.m.controller.UserController - Method findAllUsers executed in 8 ms
2025-05-03 14:48:20.062 [http-nio-5001-exec-2] INFO  c.u.m.controller.AuthController - Method: signin - Args: [com.user.management.request.LoginRequest@96c7bbb]
2025-05-03 14:48:20.148 [http-nio-5001-exec-2] DEBUG c.u.m.controller.AuthController - Method signin executed in 86 ms
2025-05-03 14:48:20.180 [http-nio-5001-exec-3] INFO  c.u.m.controller.UserController - Method: getUserProfileHandler - Args: [Bearer eyJhbGciOiJIUzM4NCJ9.eyJpYXQiOjE3NDYyNjM5MDAsImV4cCI6MTc0NjM1MDMwMCwiZW1haWwiOiJ0ZXN0dXNlcjFAZXhhbXBsZS5jb20iLCJhdXRob3JpdGllcyI6IlJPTEVfQ1VTVE9NRVIifQ.I6xhMVxk3zNANZMx7A3lONBZxOloNACZv5SVbNqKuPcFp6fOaAzv15R1bT01OHZ9]
2025-05-03 14:48:20.194 [http-nio-5001-exec-3] DEBUG c.u.m.controller.UserController - Method getUserProfileHandler executed in 14 ms
2025-05-03 14:48:20.328 [http-nio-5001-exec-5] INFO  c.u.m.controller.UserController - Method: getUserProfileHandler - Args: [Bearer eyJhbGciOiJIUzM4NCJ9.eyJpYXQiOjE3NDYyNjM5MDAsImV4cCI6MTc0NjM1MDMwMCwiZW1haWwiOiJ0ZXN0dXNlcjFAZXhhbXBsZS5jb20iLCJhdXRob3JpdGllcyI6IlJPTEVfQ1VTVE9NRVIifQ.I6xhMVxk3zNANZMx7A3lONBZxOloNACZv5SVbNqKuPcFp6fOaAzv15R1bT01OHZ9]
2025-05-03 14:48:20.336 [http-nio-5001-exec-5] DEBUG c.u.m.controller.UserController - Method getUserProfileHandler executed in 8 ms
2025-05-03 14:48:20.408 [http-nio-5001-exec-7] INFO  c.u.m.controller.UserController - Method: getUserProfileHandler - Args: [Bearer eyJhbGciOiJIUzM4NCJ9.eyJpYXQiOjE3NDYyNjM5MDAsImV4cCI6MTc0NjM1MDMwMCwiZW1haWwiOiJ0ZXN0dXNlcjFAZXhhbXBsZS5jb20iLCJhdXRob3JpdGllcyI6IlJPTEVfQ1VTVE9NRVIifQ.I6xhMVxk3zNANZMx7A3lONBZxOloNACZv5SVbNqKuPcFp6fOaAzv15R1bT01OHZ9]
2025-05-03 14:48:20.425 [http-nio-5001-exec-7] DEBUG c.u.m.controller.UserController - Method getUserProfileHandler executed in 17 ms
2025-05-03 14:48:41.627 [http-nio-5001-exec-8] INFO  c.u.m.controller.UserController - Method: getUserProfileHandler - Args: [Bearer eyJhbGciOiJIUzM4NCJ9.eyJpYXQiOjE3NDYyNjM5MDAsImV4cCI6MTc0NjM1MDMwMCwiZW1haWwiOiJ0ZXN0dXNlcjFAZXhhbXBsZS5jb20iLCJhdXRob3JpdGllcyI6IlJPTEVfQ1VTVE9NRVIifQ.I6xhMVxk3zNANZMx7A3lONBZxOloNACZv5SVbNqKuPcFp6fOaAzv15R1bT01OHZ9]
2025-05-03 14:48:41.641 [http-nio-5001-exec-8] DEBUG c.u.m.controller.UserController - Method getUserProfileHandler executed in 14 ms
2025-05-03 14:48:46.321 [http-nio-5001-exec-9] INFO  c.u.m.controller.UserController - Method: getUserProfileHandler - Args: [Bearer eyJhbGciOiJIUzM4NCJ9.eyJpYXQiOjE3NDYyNjM5MDAsImV4cCI6MTc0NjM1MDMwMCwiZW1haWwiOiJ0ZXN0dXNlcjFAZXhhbXBsZS5jb20iLCJhdXRob3JpdGllcyI6IlJPTEVfQ1VTVE9NRVIifQ.I6xhMVxk3zNANZMx7A3lONBZxOloNACZv5SVbNqKuPcFp6fOaAzv15R1bT01OHZ9]
2025-05-03 14:48:46.330 [http-nio-5001-exec-9] DEBUG c.u.m.controller.UserController - Method getUserProfileHandler executed in 9 ms
2025-05-03 14:48:46.879 [http-nio-5001-exec-10] INFO  c.u.m.controller.UserController - Method: getUserProfileHandler - Args: [Bearer eyJhbGciOiJIUzM4NCJ9.eyJpYXQiOjE3NDYyNjM5MDAsImV4cCI6MTc0NjM1MDMwMCwiZW1haWwiOiJ0ZXN0dXNlcjFAZXhhbXBsZS5jb20iLCJhdXRob3JpdGllcyI6IlJPTEVfQ1VTVE9NRVIifQ.I6xhMVxk3zNANZMx7A3lONBZxOloNACZv5SVbNqKuPcFp6fOaAzv15R1bT01OHZ9]
2025-05-03 14:48:46.889 [http-nio-5001-exec-10] DEBUG c.u.m.controller.UserController - Method getUserProfileHandler executed in 10 ms
2025-05-03 14:48:54.613 [http-nio-5001-exec-3] INFO  c.u.m.controller.AuthController - Method: signin - Args: [com.user.management.request.LoginRequest@bbf6411]
2025-05-03 14:48:54.700 [http-nio-5001-exec-3] DEBUG c.u.m.controller.AuthController - Method signin executed in 87 ms
2025-05-03 14:48:54.734 [http-nio-5001-exec-4] INFO  c.u.m.controller.UserController - Method: getUserProfileHandler - Args: [Bearer eyJhbGciOiJIUzM4NCJ9.eyJpYXQiOjE3NDYyNjM5MzQsImV4cCI6MTc0NjM1MDMzNCwiZW1haWwiOiJ0ZXN0YWRtaW4yQGV4YW1wbGUuY29tIiwiYXV0aG9yaXRpZXMiOiJST0xFX0FETUlOIn0.Pzar4V5ZQgZoZjSCWjbTv9mQDo10sBC8n1t1bj6KoQoXAzAjcBYw_x2ucKL6t0RZ]
2025-05-03 14:48:54.739 [http-nio-5001-exec-4] DEBUG c.u.m.controller.UserController - Method getUserProfileHandler executed in 5 ms
2025-05-03 14:48:54.844 [http-nio-5001-exec-5] INFO  c.u.m.controller.UserController - Method: findAllUsers - Args: [Bearer eyJhbGciOiJIUzM4NCJ9.eyJpYXQiOjE3NDYyNjM5MzQsImV4cCI6MTc0NjM1MDMzNCwiZW1haWwiOiJ0ZXN0YWRtaW4yQGV4YW1wbGUuY29tIiwiYXV0aG9yaXRpZXMiOiJST0xFX0FETUlOIn0.Pzar4V5ZQgZoZjSCWjbTv9mQDo10sBC8n1t1bj6KoQoXAzAjcBYw_x2ucKL6t0RZ]
2025-05-03 14:48:54.860 [http-nio-5001-exec-5] DEBUG c.u.m.controller.UserController - Method findAllUsers executed in 16 ms
2025-05-03 14:48:54.883 [http-nio-5001-exec-6] INFO  c.u.m.controller.UserController - Method: findAllUsers - Args: [Bearer eyJhbGciOiJIUzM4NCJ9.eyJpYXQiOjE3NDYyNjM5MzQsImV4cCI6MTc0NjM1MDMzNCwiZW1haWwiOiJ0ZXN0YWRtaW4yQGV4YW1wbGUuY29tIiwiYXV0aG9yaXRpZXMiOiJST0xFX0FETUlOIn0.Pzar4V5ZQgZoZjSCWjbTv9mQDo10sBC8n1t1bj6KoQoXAzAjcBYw_x2ucKL6t0RZ]
2025-05-03 14:48:54.894 [http-nio-5001-exec-6] DEBUG c.u.m.controller.UserController - Method findAllUsers executed in 11 ms
2025-05-03 14:49:49.600 [http-nio-5001-exec-9] INFO  c.u.m.controller.UserController - Method: getUserProfileHandler - Args: [Bearer eyJhbGciOiJIUzM4NCJ9.eyJpYXQiOjE3NDYyNjM5MzQsImV4cCI6MTc0NjM1MDMzNCwiZW1haWwiOiJ0ZXN0YWRtaW4yQGV4YW1wbGUuY29tIiwiYXV0aG9yaXRpZXMiOiJST0xFX0FETUlOIn0.Pzar4V5ZQgZoZjSCWjbTv9mQDo10sBC8n1t1bj6KoQoXAzAjcBYw_x2ucKL6t0RZ]
2025-05-03 14:49:49.612 [http-nio-5001-exec-9] DEBUG c.u.m.controller.UserController - Method getUserProfileHandler executed in 12 ms
2025-05-03 14:49:49.626 [http-nio-5001-exec-10] INFO  c.u.m.controller.UserController - Method: getUserProfileHandler - Args: [Bearer eyJhbGciOiJIUzM4NCJ9.eyJpYXQiOjE3NDYyNjM5MzQsImV4cCI6MTc0NjM1MDMzNCwiZW1haWwiOiJ0ZXN0YWRtaW4yQGV4YW1wbGUuY29tIiwiYXV0aG9yaXRpZXMiOiJST0xFX0FETUlOIn0.Pzar4V5ZQgZoZjSCWjbTv9mQDo10sBC8n1t1bj6KoQoXAzAjcBYw_x2ucKL6t0RZ]
2025-05-03 14:49:49.637 [http-nio-5001-exec-10] DEBUG c.u.m.controller.UserController - Method getUserProfileHandler executed in 11 ms
2025-05-03 14:49:50.172 [http-nio-5001-exec-1] INFO  c.u.m.controller.UserController - Method: findAllUsers - Args: [Bearer eyJhbGciOiJIUzM4NCJ9.eyJpYXQiOjE3NDYyNjM5MzQsImV4cCI6MTc0NjM1MDMzNCwiZW1haWwiOiJ0ZXN0YWRtaW4yQGV4YW1wbGUuY29tIiwiYXV0aG9yaXRpZXMiOiJST0xFX0FETUlOIn0.Pzar4V5ZQgZoZjSCWjbTv9mQDo10sBC8n1t1bj6KoQoXAzAjcBYw_x2ucKL6t0RZ]
2025-05-03 14:49:50.182 [http-nio-5001-exec-1] DEBUG c.u.m.controller.UserController - Method findAllUsers executed in 10 ms
2025-05-03 14:49:50.199 [http-nio-5001-exec-2] INFO  c.u.m.controller.UserController - Method: findAllUsers - Args: [Bearer eyJhbGciOiJIUzM4NCJ9.eyJpYXQiOjE3NDYyNjM5MzQsImV4cCI6MTc0NjM1MDMzNCwiZW1haWwiOiJ0ZXN0YWRtaW4yQGV4YW1wbGUuY29tIiwiYXV0aG9yaXRpZXMiOiJST0xFX0FETUlOIn0.Pzar4V5ZQgZoZjSCWjbTv9mQDo10sBC8n1t1bj6KoQoXAzAjcBYw_x2ucKL6t0RZ]
2025-05-03 14:49:50.211 [http-nio-5001-exec-2] DEBUG c.u.m.controller.UserController - Method findAllUsers executed in 13 ms
2025-05-03 14:50:14.923 [http-nio-5001-exec-3] INFO  c.u.m.controller.UserController - Method: findAllUsers - Args: [Bearer eyJhbGciOiJIUzM4NCJ9.eyJpYXQiOjE3NDYyNjM5MzQsImV4cCI6MTc0NjM1MDMzNCwiZW1haWwiOiJ0ZXN0YWRtaW4yQGV4YW1wbGUuY29tIiwiYXV0aG9yaXRpZXMiOiJST0xFX0FETUlOIn0.Pzar4V5ZQgZoZjSCWjbTv9mQDo10sBC8n1t1bj6KoQoXAzAjcBYw_x2ucKL6t0RZ]
2025-05-03 14:50:14.933 [http-nio-5001-exec-3] DEBUG c.u.m.controller.UserController - Method findAllUsers executed in 10 ms
2025-05-03 14:50:14.944 [http-nio-5001-exec-4] INFO  c.u.m.controller.UserController - Method: findAllUsers - Args: [Bearer eyJhbGciOiJIUzM4NCJ9.eyJpYXQiOjE3NDYyNjM5MzQsImV4cCI6MTc0NjM1MDMzNCwiZW1haWwiOiJ0ZXN0YWRtaW4yQGV4YW1wbGUuY29tIiwiYXV0aG9yaXRpZXMiOiJST0xFX0FETUlOIn0.Pzar4V5ZQgZoZjSCWjbTv9mQDo10sBC8n1t1bj6KoQoXAzAjcBYw_x2ucKL6t0RZ]
2025-05-03 14:50:14.953 [http-nio-5001-exec-4] DEBUG c.u.m.controller.UserController - Method findAllUsers executed in 9 ms
2025-05-03 14:50:16.643 [http-nio-5001-exec-5] INFO  c.u.m.controller.UserController - Method: findAllUsers - Args: [Bearer eyJhbGciOiJIUzM4NCJ9.eyJpYXQiOjE3NDYyNjM5MzQsImV4cCI6MTc0NjM1MDMzNCwiZW1haWwiOiJ0ZXN0YWRtaW4yQGV4YW1wbGUuY29tIiwiYXV0aG9yaXRpZXMiOiJST0xFX0FETUlOIn0.Pzar4V5ZQgZoZjSCWjbTv9mQDo10sBC8n1t1bj6KoQoXAzAjcBYw_x2ucKL6t0RZ]
2025-05-03 14:50:16.652 [http-nio-5001-exec-5] DEBUG c.u.m.controller.UserController - Method findAllUsers executed in 9 ms
2025-05-03 14:50:16.666 [http-nio-5001-exec-6] INFO  c.u.m.controller.UserController - Method: findAllUsers - Args: [Bearer eyJhbGciOiJIUzM4NCJ9.eyJpYXQiOjE3NDYyNjM5MzQsImV4cCI6MTc0NjM1MDMzNCwiZW1haWwiOiJ0ZXN0YWRtaW4yQGV4YW1wbGUuY29tIiwiYXV0aG9yaXRpZXMiOiJST0xFX0FETUlOIn0.Pzar4V5ZQgZoZjSCWjbTv9mQDo10sBC8n1t1bj6KoQoXAzAjcBYw_x2ucKL6t0RZ]
2025-05-03 14:50:16.674 [http-nio-5001-exec-6] DEBUG c.u.m.controller.UserController - Method findAllUsers executed in 8 ms
2025-05-03 14:55:27.494 [http-nio-5001-exec-8] INFO  c.u.m.controller.UserController - Method: findAllUsers - Args: [Bearer eyJhbGciOiJIUzM4NCJ9.eyJpYXQiOjE3NDYyNjM5MzQsImV4cCI6MTc0NjM1MDMzNCwiZW1haWwiOiJ0ZXN0YWRtaW4yQGV4YW1wbGUuY29tIiwiYXV0aG9yaXRpZXMiOiJST0xFX0FETUlOIn0.Pzar4V5ZQgZoZjSCWjbTv9mQDo10sBC8n1t1bj6KoQoXAzAjcBYw_x2ucKL6t0RZ]
2025-05-03 14:55:27.504 [http-nio-5001-exec-8] DEBUG c.u.m.controller.UserController - Method findAllUsers executed in 10 ms
2025-05-03 14:55:27.519 [http-nio-5001-exec-9] INFO  c.u.m.controller.UserController - Method: findAllUsers - Args: [Bearer eyJhbGciOiJIUzM4NCJ9.eyJpYXQiOjE3NDYyNjM5MzQsImV4cCI6MTc0NjM1MDMzNCwiZW1haWwiOiJ0ZXN0YWRtaW4yQGV4YW1wbGUuY29tIiwiYXV0aG9yaXRpZXMiOiJST0xFX0FETUlOIn0.Pzar4V5ZQgZoZjSCWjbTv9mQDo10sBC8n1t1bj6KoQoXAzAjcBYw_x2ucKL6t0RZ]
2025-05-03 14:55:27.527 [http-nio-5001-exec-9] DEBUG c.u.m.controller.UserController - Method findAllUsers executed in 8 ms
2025-05-03 14:58:14.976 [http-nio-5001-exec-1] INFO  c.u.m.controller.UserController - Method: getUserProfileHandler - Args: [Bearer eyJhbGciOiJIUzM4NCJ9.eyJpYXQiOjE3NDYyNjM5MzQsImV4cCI6MTc0NjM1MDMzNCwiZW1haWwiOiJ0ZXN0YWRtaW4yQGV4YW1wbGUuY29tIiwiYXV0aG9yaXRpZXMiOiJST0xFX0FETUlOIn0.Pzar4V5ZQgZoZjSCWjbTv9mQDo10sBC8n1t1bj6KoQoXAzAjcBYw_x2ucKL6t0RZ]
2025-05-03 14:58:14.984 [http-nio-5001-exec-1] DEBUG c.u.m.controller.UserController - Method getUserProfileHandler executed in 8 ms
2025-05-03 14:58:15.004 [http-nio-5001-exec-2] INFO  c.u.m.controller.UserController - Method: getUserProfileHandler - Args: [Bearer eyJhbGciOiJIUzM4NCJ9.eyJpYXQiOjE3NDYyNjM5MzQsImV4cCI6MTc0NjM1MDMzNCwiZW1haWwiOiJ0ZXN0YWRtaW4yQGV4YW1wbGUuY29tIiwiYXV0aG9yaXRpZXMiOiJST0xFX0FETUlOIn0.Pzar4V5ZQgZoZjSCWjbTv9mQDo10sBC8n1t1bj6KoQoXAzAjcBYw_x2ucKL6t0RZ]
2025-05-03 14:58:15.011 [http-nio-5001-exec-2] DEBUG c.u.m.controller.UserController - Method getUserProfileHandler executed in 7 ms
2025-05-03 14:58:15.468 [http-nio-5001-exec-3] INFO  c.u.m.controller.UserController - Method: findAllUsers - Args: [Bearer eyJhbGciOiJIUzM4NCJ9.eyJpYXQiOjE3NDYyNjM5MzQsImV4cCI6MTc0NjM1MDMzNCwiZW1haWwiOiJ0ZXN0YWRtaW4yQGV4YW1wbGUuY29tIiwiYXV0aG9yaXRpZXMiOiJST0xFX0FETUlOIn0.Pzar4V5ZQgZoZjSCWjbTv9mQDo10sBC8n1t1bj6KoQoXAzAjcBYw_x2ucKL6t0RZ]
2025-05-03 14:58:15.481 [http-nio-5001-exec-3] DEBUG c.u.m.controller.UserController - Method findAllUsers executed in 13 ms
2025-05-03 14:58:15.496 [http-nio-5001-exec-4] INFO  c.u.m.controller.UserController - Method: findAllUsers - Args: [Bearer eyJhbGciOiJIUzM4NCJ9.eyJpYXQiOjE3NDYyNjM5MzQsImV4cCI6MTc0NjM1MDMzNCwiZW1haWwiOiJ0ZXN0YWRtaW4yQGV4YW1wbGUuY29tIiwiYXV0aG9yaXRpZXMiOiJST0xFX0FETUlOIn0.Pzar4V5ZQgZoZjSCWjbTv9mQDo10sBC8n1t1bj6KoQoXAzAjcBYw_x2ucKL6t0RZ]
2025-05-03 14:58:15.506 [http-nio-5001-exec-4] DEBUG c.u.m.controller.UserController - Method findAllUsers executed in 10 ms
2025-05-03 14:58:18.779 [http-nio-5001-exec-5] INFO  c.u.m.controller.UserController - Method: getUserProfileHandler - Args: [Bearer eyJhbGciOiJIUzM4NCJ9.eyJpYXQiOjE3NDYyNjM5MzQsImV4cCI6MTc0NjM1MDMzNCwiZW1haWwiOiJ0ZXN0YWRtaW4yQGV4YW1wbGUuY29tIiwiYXV0aG9yaXRpZXMiOiJST0xFX0FETUlOIn0.Pzar4V5ZQgZoZjSCWjbTv9mQDo10sBC8n1t1bj6KoQoXAzAjcBYw_x2ucKL6t0RZ]
2025-05-03 14:58:18.786 [http-nio-5001-exec-5] DEBUG c.u.m.controller.UserController - Method getUserProfileHandler executed in 7 ms
2025-05-03 14:58:31.175 [http-nio-5001-exec-6] INFO  c.u.m.controller.AuthController - Method: signin - Args: [com.user.management.request.LoginRequest@73a06acd]
2025-05-03 14:58:31.266 [http-nio-5001-exec-6] DEBUG c.u.m.controller.AuthController - Method signin executed in 91 ms
2025-05-03 14:58:31.297 [http-nio-5001-exec-7] INFO  c.u.m.controller.UserController - Method: getUserProfileHandler - Args: [Bearer eyJhbGciOiJIUzM4NCJ9.eyJpYXQiOjE3NDYyNjQ1MTEsImV4cCI6MTc0NjM1MDkxMSwiZW1haWwiOiJ0ZXN0dXNlcjFAZXhhbXBsZS5jb20iLCJhdXRob3JpdGllcyI6IlJPTEVfQ1VTVE9NRVIifQ.lZDqVrBnIRxtNeiHS5SA7Yol3Q4fYpt0-JuQE2s8YHf0I-Sb5pmWbUNpn9BocKKc]
2025-05-03 14:58:31.303 [http-nio-5001-exec-7] DEBUG c.u.m.controller.UserController - Method getUserProfileHandler executed in 6 ms
2025-05-03 14:58:31.433 [http-nio-5001-exec-9] INFO  c.u.m.controller.UserController - Method: getUserProfileHandler - Args: [Bearer eyJhbGciOiJIUzM4NCJ9.eyJpYXQiOjE3NDYyNjQ1MTEsImV4cCI6MTc0NjM1MDkxMSwiZW1haWwiOiJ0ZXN0dXNlcjFAZXhhbXBsZS5jb20iLCJhdXRob3JpdGllcyI6IlJPTEVfQ1VTVE9NRVIifQ.lZDqVrBnIRxtNeiHS5SA7Yol3Q4fYpt0-JuQE2s8YHf0I-Sb5pmWbUNpn9BocKKc]
2025-05-03 14:58:31.441 [http-nio-5001-exec-9] DEBUG c.u.m.controller.UserController - Method getUserProfileHandler executed in 8 ms
2025-05-03 14:58:31.461 [http-nio-5001-exec-1] INFO  c.u.m.controller.UserController - Method: getUserProfileHandler - Args: [Bearer eyJhbGciOiJIUzM4NCJ9.eyJpYXQiOjE3NDYyNjQ1MTEsImV4cCI6MTc0NjM1MDkxMSwiZW1haWwiOiJ0ZXN0dXNlcjFAZXhhbXBsZS5jb20iLCJhdXRob3JpdGllcyI6IlJPTEVfQ1VTVE9NRVIifQ.lZDqVrBnIRxtNeiHS5SA7Yol3Q4fYpt0-JuQE2s8YHf0I-Sb5pmWbUNpn9BocKKc]
2025-05-03 14:58:31.469 [http-nio-5001-exec-1] DEBUG c.u.m.controller.UserController - Method getUserProfileHandler executed in 8 ms
2025-05-03 14:58:44.016 [http-nio-5001-exec-2] INFO  c.u.m.controller.UserController - Method: getUserProfileHandler - Args: [Bearer eyJhbGciOiJIUzM4NCJ9.eyJpYXQiOjE3NDYyNjQ1MTEsImV4cCI6MTc0NjM1MDkxMSwiZW1haWwiOiJ0ZXN0dXNlcjFAZXhhbXBsZS5jb20iLCJhdXRob3JpdGllcyI6IlJPTEVfQ1VTVE9NRVIifQ.lZDqVrBnIRxtNeiHS5SA7Yol3Q4fYpt0-JuQE2s8YHf0I-Sb5pmWbUNpn9BocKKc]
2025-05-03 14:58:44.027 [http-nio-5001-exec-2] DEBUG c.u.m.controller.UserController - Method getUserProfileHandler executed in 11 ms
2025-05-03 14:58:53.627 [http-nio-5001-exec-3] INFO  c.u.m.controller.AuthController - Method: signin - Args: [com.user.management.request.LoginRequest@197662c2]
2025-05-03 14:58:53.714 [http-nio-5001-exec-3] DEBUG c.u.m.controller.AuthController - Method signin executed in 87 ms
2025-05-03 14:58:53.748 [http-nio-5001-exec-4] INFO  c.u.m.controller.UserController - Method: getUserProfileHandler - Args: [Bearer eyJhbGciOiJIUzM4NCJ9.eyJpYXQiOjE3NDYyNjQ1MzMsImV4cCI6MTc0NjM1MDkzMywiZW1haWwiOiJ0ZXN0YWRtaW4yQGV4YW1wbGUuY29tIiwiYXV0aG9yaXRpZXMiOiJST0xFX0FETUlOIn0.e9r-jmZMabFp68kilZkGfSJg_hb-PQx5ZlaWUNCFBZ0u3JGADpWAN7Yb0uDjWg9f]
2025-05-03 14:58:53.754 [http-nio-5001-exec-4] DEBUG c.u.m.controller.UserController - Method getUserProfileHandler executed in 6 ms
2025-05-03 14:58:53.899 [http-nio-5001-exec-5] INFO  c.u.m.controller.UserController - Method: findAllUsers - Args: [Bearer eyJhbGciOiJIUzM4NCJ9.eyJpYXQiOjE3NDYyNjQ1MzMsImV4cCI6MTc0NjM1MDkzMywiZW1haWwiOiJ0ZXN0YWRtaW4yQGV4YW1wbGUuY29tIiwiYXV0aG9yaXRpZXMiOiJST0xFX0FETUlOIn0.e9r-jmZMabFp68kilZkGfSJg_hb-PQx5ZlaWUNCFBZ0u3JGADpWAN7Yb0uDjWg9f]
2025-05-03 14:58:53.911 [http-nio-5001-exec-5] DEBUG c.u.m.controller.UserController - Method findAllUsers executed in 12 ms
2025-05-03 14:58:53.927 [http-nio-5001-exec-6] INFO  c.u.m.controller.UserController - Method: findAllUsers - Args: [Bearer eyJhbGciOiJIUzM4NCJ9.eyJpYXQiOjE3NDYyNjQ1MzMsImV4cCI6MTc0NjM1MDkzMywiZW1haWwiOiJ0ZXN0YWRtaW4yQGV4YW1wbGUuY29tIiwiYXV0aG9yaXRpZXMiOiJST0xFX0FETUlOIn0.e9r-jmZMabFp68kilZkGfSJg_hb-PQx5ZlaWUNCFBZ0u3JGADpWAN7Yb0uDjWg9f]
2025-05-03 14:58:53.939 [http-nio-5001-exec-6] DEBUG c.u.m.controller.UserController - Method findAllUsers executed in 13 ms
2025-05-03 15:03:33.282 [http-nio-5001-exec-10] INFO  c.u.m.controller.UserController - Method: getUserProfileHandler - Args: [Bearer eyJhbGciOiJIUzM4NCJ9.eyJpYXQiOjE3NDYyNjQ1MzMsImV4cCI6MTc0NjM1MDkzMywiZW1haWwiOiJ0ZXN0YWRtaW4yQGV4YW1wbGUuY29tIiwiYXV0aG9yaXRpZXMiOiJST0xFX0FETUlOIn0.e9r-jmZMabFp68kilZkGfSJg_hb-PQx5ZlaWUNCFBZ0u3JGADpWAN7Yb0uDjWg9f]
2025-05-03 15:03:33.289 [http-nio-5001-exec-10] DEBUG c.u.m.controller.UserController - Method getUserProfileHandler executed in 7 ms
2025-05-03 15:03:42.212 [http-nio-5001-exec-1] INFO  c.u.m.controller.AuthController - Method: signin - Args: [com.user.management.request.LoginRequest@66f8c7c6]
2025-05-03 15:03:42.302 [http-nio-5001-exec-1] DEBUG c.u.m.controller.AuthController - Method signin executed in 90 ms
2025-05-03 15:03:42.344 [http-nio-5001-exec-2] INFO  c.u.m.controller.UserController - Method: getUserProfileHandler - Args: [Bearer eyJhbGciOiJIUzM4NCJ9.eyJpYXQiOjE3NDYyNjQ4MjIsImV4cCI6MTc0NjM1MTIyMiwiZW1haWwiOiJ0ZXN0dXNlcjFAZXhhbXBsZS5jb20iLCJhdXRob3JpdGllcyI6IlJPTEVfQ1VTVE9NRVIifQ.JRB7ePCxRcY1RKQ8UgzwhdVS_7s5rnXRuVs0OXrSAz16ZZYp4PYD9LSBQr6jEgQv]
2025-05-03 15:03:42.350 [http-nio-5001-exec-2] DEBUG c.u.m.controller.UserController - Method getUserProfileHandler executed in 6 ms
2025-05-03 15:03:42.450 [http-nio-5001-exec-4] INFO  c.u.m.controller.UserController - Method: getUserProfileHandler - Args: [Bearer eyJhbGciOiJIUzM4NCJ9.eyJpYXQiOjE3NDYyNjQ4MjIsImV4cCI6MTc0NjM1MTIyMiwiZW1haWwiOiJ0ZXN0dXNlcjFAZXhhbXBsZS5jb20iLCJhdXRob3JpdGllcyI6IlJPTEVfQ1VTVE9NRVIifQ.JRB7ePCxRcY1RKQ8UgzwhdVS_7s5rnXRuVs0OXrSAz16ZZYp4PYD9LSBQr6jEgQv]
2025-05-03 15:03:42.459 [http-nio-5001-exec-4] DEBUG c.u.m.controller.UserController - Method getUserProfileHandler executed in 9 ms
2025-05-03 15:03:42.483 [http-nio-5001-exec-6] INFO  c.u.m.controller.UserController - Method: getUserProfileHandler - Args: [Bearer eyJhbGciOiJIUzM4NCJ9.eyJpYXQiOjE3NDYyNjQ4MjIsImV4cCI6MTc0NjM1MTIyMiwiZW1haWwiOiJ0ZXN0dXNlcjFAZXhhbXBsZS5jb20iLCJhdXRob3JpdGllcyI6IlJPTEVfQ1VTVE9NRVIifQ.JRB7ePCxRcY1RKQ8UgzwhdVS_7s5rnXRuVs0OXrSAz16ZZYp4PYD9LSBQr6jEgQv]
2025-05-03 15:03:42.492 [http-nio-5001-exec-6] DEBUG c.u.m.controller.UserController - Method getUserProfileHandler executed in 9 ms
2025-05-03 15:03:50.223 [http-nio-5001-exec-7] INFO  c.u.m.controller.UserController - Method: getUserProfileHandler - Args: [Bearer eyJhbGciOiJIUzM4NCJ9.eyJpYXQiOjE3NDYyNjQ4MjIsImV4cCI6MTc0NjM1MTIyMiwiZW1haWwiOiJ0ZXN0dXNlcjFAZXhhbXBsZS5jb20iLCJhdXRob3JpdGllcyI6IlJPTEVfQ1VTVE9NRVIifQ.JRB7ePCxRcY1RKQ8UgzwhdVS_7s5rnXRuVs0OXrSAz16ZZYp4PYD9LSBQr6jEgQv]
2025-05-03 15:03:50.232 [http-nio-5001-exec-7] DEBUG c.u.m.controller.UserController - Method getUserProfileHandler executed in 9 ms
2025-05-03 15:03:58.939 [http-nio-5001-exec-8] INFO  c.u.m.controller.AuthController - Method: signin - Args: [com.user.management.request.LoginRequest@5c061683]
2025-05-03 15:03:59.026 [http-nio-5001-exec-8] DEBUG c.u.m.controller.AuthController - Method signin executed in 87 ms
2025-05-03 15:03:59.062 [http-nio-5001-exec-9] INFO  c.u.m.controller.UserController - Method: getUserProfileHandler - Args: [Bearer eyJhbGciOiJIUzM4NCJ9.eyJpYXQiOjE3NDYyNjQ4MzksImV4cCI6MTc0NjM1MTIzOSwiZW1haWwiOiJ0ZXN0YWRtaW4yQGV4YW1wbGUuY29tIiwiYXV0aG9yaXRpZXMiOiJST0xFX0FETUlOIn0.nywA6rYZcG0fKN0zL19nBfFfJ7ungNZuiSTmvzbMJCpBsu_jII1EgAzeKBLXPOYZ]
2025-05-03 15:03:59.067 [http-nio-5001-exec-9] DEBUG c.u.m.controller.UserController - Method getUserProfileHandler executed in 5 ms
2025-05-03 15:03:59.195 [http-nio-5001-exec-10] INFO  c.u.m.controller.UserController - Method: findAllUsers - Args: [Bearer eyJhbGciOiJIUzM4NCJ9.eyJpYXQiOjE3NDYyNjQ4MzksImV4cCI6MTc0NjM1MTIzOSwiZW1haWwiOiJ0ZXN0YWRtaW4yQGV4YW1wbGUuY29tIiwiYXV0aG9yaXRpZXMiOiJST0xFX0FETUlOIn0.nywA6rYZcG0fKN0zL19nBfFfJ7ungNZuiSTmvzbMJCpBsu_jII1EgAzeKBLXPOYZ]
2025-05-03 15:03:59.206 [http-nio-5001-exec-10] DEBUG c.u.m.controller.UserController - Method findAllUsers executed in 11 ms
2025-05-03 15:03:59.220 [http-nio-5001-exec-1] INFO  c.u.m.controller.UserController - Method: findAllUsers - Args: [Bearer eyJhbGciOiJIUzM4NCJ9.eyJpYXQiOjE3NDYyNjQ4MzksImV4cCI6MTc0NjM1MTIzOSwiZW1haWwiOiJ0ZXN0YWRtaW4yQGV4YW1wbGUuY29tIiwiYXV0aG9yaXRpZXMiOiJST0xFX0FETUlOIn0.nywA6rYZcG0fKN0zL19nBfFfJ7ungNZuiSTmvzbMJCpBsu_jII1EgAzeKBLXPOYZ]
2025-05-03 15:03:59.229 [http-nio-5001-exec-1] DEBUG c.u.m.controller.UserController - Method findAllUsers executed in 9 ms
2025-05-03 15:05:54.061 [http-nio-5001-exec-4] INFO  c.u.m.controller.UserController - Method: findAllUsers - Args: [Bearer eyJhbGciOiJIUzM4NCJ9.eyJpYXQiOjE3NDYyNjQ4MzksImV4cCI6MTc0NjM1MTIzOSwiZW1haWwiOiJ0ZXN0YWRtaW4yQGV4YW1wbGUuY29tIiwiYXV0aG9yaXRpZXMiOiJST0xFX0FETUlOIn0.nywA6rYZcG0fKN0zL19nBfFfJ7ungNZuiSTmvzbMJCpBsu_jII1EgAzeKBLXPOYZ]
2025-05-03 15:05:54.071 [http-nio-5001-exec-6] INFO  c.u.m.controller.UserController - Method: getUserProfileHandler - Args: [Bearer eyJhbGciOiJIUzM4NCJ9.eyJpYXQiOjE3NDYyNjQ4MzksImV4cCI6MTc0NjM1MTIzOSwiZW1haWwiOiJ0ZXN0YWRtaW4yQGV4YW1wbGUuY29tIiwiYXV0aG9yaXRpZXMiOiJST0xFX0FETUlOIn0.nywA6rYZcG0fKN0zL19nBfFfJ7ungNZuiSTmvzbMJCpBsu_jII1EgAzeKBLXPOYZ]
2025-05-03 15:05:54.071 [http-nio-5001-exec-4] DEBUG c.u.m.controller.UserController - Method findAllUsers executed in 10 ms
2025-05-03 15:05:54.083 [http-nio-5001-exec-6] DEBUG c.u.m.controller.UserController - Method getUserProfileHandler executed in 12 ms
2025-05-03 15:05:54.089 [http-nio-5001-exec-7] INFO  c.u.m.controller.UserController - Method: findAllUsers - Args: [Bearer eyJhbGciOiJIUzM4NCJ9.eyJpYXQiOjE3NDYyNjQ4MzksImV4cCI6MTc0NjM1MTIzOSwiZW1haWwiOiJ0ZXN0YWRtaW4yQGV4YW1wbGUuY29tIiwiYXV0aG9yaXRpZXMiOiJST0xFX0FETUlOIn0.nywA6rYZcG0fKN0zL19nBfFfJ7ungNZuiSTmvzbMJCpBsu_jII1EgAzeKBLXPOYZ]
2025-05-03 15:05:54.100 [http-nio-5001-exec-8] INFO  c.u.m.controller.UserController - Method: getUserProfileHandler - Args: [Bearer eyJhbGciOiJIUzM4NCJ9.eyJpYXQiOjE3NDYyNjQ4MzksImV4cCI6MTc0NjM1MTIzOSwiZW1haWwiOiJ0ZXN0YWRtaW4yQGV4YW1wbGUuY29tIiwiYXV0aG9yaXRpZXMiOiJST0xFX0FETUlOIn0.nywA6rYZcG0fKN0zL19nBfFfJ7ungNZuiSTmvzbMJCpBsu_jII1EgAzeKBLXPOYZ]
2025-05-03 15:05:54.100 [http-nio-5001-exec-7] DEBUG c.u.m.controller.UserController - Method findAllUsers executed in 11 ms
2025-05-03 15:05:54.108 [http-nio-5001-exec-8] DEBUG c.u.m.controller.UserController - Method getUserProfileHandler executed in 9 ms
2025-05-03 15:05:59.404 [http-nio-5001-exec-9] INFO  c.u.m.controller.UserController - Method: getUserProfileHandler - Args: [Bearer eyJhbGciOiJIUzM4NCJ9.eyJpYXQiOjE3NDYyNjQ4MzksImV4cCI6MTc0NjM1MTIzOSwiZW1haWwiOiJ0ZXN0YWRtaW4yQGV4YW1wbGUuY29tIiwiYXV0aG9yaXRpZXMiOiJST0xFX0FETUlOIn0.nywA6rYZcG0fKN0zL19nBfFfJ7ungNZuiSTmvzbMJCpBsu_jII1EgAzeKBLXPOYZ]
2025-05-03 15:05:59.413 [http-nio-5001-exec-9] DEBUG c.u.m.controller.UserController - Method getUserProfileHandler executed in 9 ms
2025-05-03 15:05:59.434 [http-nio-5001-exec-10] INFO  c.u.m.controller.UserController - Method: getUserProfileHandler - Args: [Bearer eyJhbGciOiJIUzM4NCJ9.eyJpYXQiOjE3NDYyNjQ4MzksImV4cCI6MTc0NjM1MTIzOSwiZW1haWwiOiJ0ZXN0YWRtaW4yQGV4YW1wbGUuY29tIiwiYXV0aG9yaXRpZXMiOiJST0xFX0FETUlOIn0.nywA6rYZcG0fKN0zL19nBfFfJ7ungNZuiSTmvzbMJCpBsu_jII1EgAzeKBLXPOYZ]
2025-05-03 15:05:59.460 [http-nio-5001-exec-10] DEBUG c.u.m.controller.UserController - Method getUserProfileHandler executed in 26 ms
2025-05-03 15:05:59.879 [http-nio-5001-exec-1] INFO  c.u.m.controller.UserController - Method: findAllUsers - Args: [Bearer eyJhbGciOiJIUzM4NCJ9.eyJpYXQiOjE3NDYyNjQ4MzksImV4cCI6MTc0NjM1MTIzOSwiZW1haWwiOiJ0ZXN0YWRtaW4yQGV4YW1wbGUuY29tIiwiYXV0aG9yaXRpZXMiOiJST0xFX0FETUlOIn0.nywA6rYZcG0fKN0zL19nBfFfJ7ungNZuiSTmvzbMJCpBsu_jII1EgAzeKBLXPOYZ]
2025-05-03 15:05:59.890 [http-nio-5001-exec-1] DEBUG c.u.m.controller.UserController - Method findAllUsers executed in 11 ms
2025-05-03 15:05:59.909 [http-nio-5001-exec-2] INFO  c.u.m.controller.UserController - Method: findAllUsers - Args: [Bearer eyJhbGciOiJIUzM4NCJ9.eyJpYXQiOjE3NDYyNjQ4MzksImV4cCI6MTc0NjM1MTIzOSwiZW1haWwiOiJ0ZXN0YWRtaW4yQGV4YW1wbGUuY29tIiwiYXV0aG9yaXRpZXMiOiJST0xFX0FETUlOIn0.nywA6rYZcG0fKN0zL19nBfFfJ7ungNZuiSTmvzbMJCpBsu_jII1EgAzeKBLXPOYZ]
2025-05-03 15:05:59.920 [http-nio-5001-exec-2] DEBUG c.u.m.controller.UserController - Method findAllUsers executed in 11 ms
